[35m[1mConsolidate compiler generated dependencies of target offboard_launch[0m
[ 12%] Built target frame_transforms
[ 25%] Built target vehicle_gps_position_listener
[ 25%] Built target ament_cmake_python_copy_px4_ros_com
[ 50%] Built target sensor_combined_listener
[ 50%] Built target offboard_control_srv
[ 62%] Built target offboard_paths
[ 81%] [32mBuilding CXX object CMakeFiles/offboard_launch.dir/src/examples/offboard/offboard_launch.cpp.o[0m
[ 81%] Built target debug_vect_advertiser
[ 93%] Built target offboard_control
running egg_info
writing px4_ros_com.egg-info/PKG-INFO
writing dependency_links to px4_ros_com.egg-info/dependency_links.txt
writing top-level names to px4_ros_com.egg-info/top_level.txt
reading manifest file 'px4_ros_com.egg-info/SOURCES.txt'
writing manifest file 'px4_ros_com.egg-info/SOURCES.txt'
[ 93%] Built target ament_cmake_python_build_px4_ros_com_egg
[01m[K/home/niweiss/ws_sensor_combined/src/px4_ros_com/src/examples/offboard/offboard_launch.cpp:[m[K In function â€˜[01m[Kint main(int, char**)[m[Kâ€™:
[01m[K/home/niweiss/ws_sensor_combined/src/px4_ros_com/src/examples/offboard/offboard_launch.cpp:185:56:[m[K [01;31m[Kerror: [m[Kinvalid cast from type â€˜[01m[Kchar*[m[Kâ€™ to type â€˜[01m[Kfloat[m[Kâ€™
  185 |         rclcpp::spin(std::make_shared<OffboardControl>([01;31m[K(float) argv[1][m[K));
      |                                                        [01;31m[K^~~~~~~~~~~~~~~[m[K
gmake[2]: *** [CMakeFiles/offboard_launch.dir/build.make:76: CMakeFiles/offboard_launch.dir/src/examples/offboard/offboard_launch.cpp.o] Error 1
gmake[1]: *** [CMakeFiles/Makefile2:310: CMakeFiles/offboard_launch.dir/all] Error 2
gmake: *** [Makefile:146: all] Error 2
