[0.025s] Invoking command in '/home/niweiss/ws_sensor_combined/build/px4_ros_com': AMENT_PREFIX_PATH=/home/niweiss/ws_sensor_combined/install/px4_msgs:${AMENT_PREFIX_PATH} CMAKE_PREFIX_PATH=/home/niweiss/ws_sensor_combined/install/px4_msgs:/opt/ros/humble LD_LIBRARY_PATH=/home/niweiss/ws_sensor_combined/install/px4_msgs/lib:${LD_LIBRARY_PATH} PYTHONPATH=/home/niweiss/ws_sensor_combined/install/px4_msgs/local/lib/python3.10/dist-packages:${PYTHONPATH} /usr/bin/cmake --build /home/niweiss/ws_sensor_combined/build/px4_ros_com -- -j16 -l16
[0.052s] [ 12%] Built target frame_transforms
[0.053s] [ 25%] Built target offboard_control_srv
[0.053s] [ 37%] Built target debug_vect_advertiser
[0.053s] [ 50%] Built target vehicle_gps_position_listener
[0.054s] [ 62%] [32mBuilding CXX object CMakeFiles/offboard_launch.dir/src/examples/offboard/offboard_launch.cpp.o[0m
[0.054s] [ 68%] Built target offboard_paths
[0.056s] [ 81%] Built target sensor_combined_listener
[0.057s] [ 81%] Built target ament_cmake_python_copy_px4_ros_com
[0.057s] [ 93%] Built target offboard_control
[0.143s] [01m[K/home/niweiss/ws_sensor_combined/src/px4_ros_com/src/examples/offboard/offboard_launch.cpp:46:10:[m[K [01;31m[Kfatal error: [m[Kstd_msgs/msg/int32.hpp: No such file or directory
[0.143s]    46 | #include [01;31m[K"std_msgs/msg/int32.hpp"[m[K
[0.143s]       |          [01;31m[K^~~~~~~~~~~~~~~~~~~~~~~~[m[K
[0.143s] compilation terminated.
[0.145s] gmake[2]: *** [CMakeFiles/offboard_launch.dir/build.make:76: CMakeFiles/offboard_launch.dir/src/examples/offboard/offboard_launch.cpp.o] Error 1
[0.145s] gmake[1]: *** [CMakeFiles/Makefile2:310: CMakeFiles/offboard_launch.dir/all] Error 2
[0.145s] gmake[1]: *** Waiting for unfinished jobs....
[0.167s] running egg_info
[0.174s] writing px4_ros_com.egg-info/PKG-INFO
[0.174s] writing dependency_links to px4_ros_com.egg-info/dependency_links.txt
[0.174s] writing top-level names to px4_ros_com.egg-info/top_level.txt
[0.194s] reading manifest file 'px4_ros_com.egg-info/SOURCES.txt'
[0.195s] writing manifest file 'px4_ros_com.egg-info/SOURCES.txt'
[0.213s] [ 93%] Built target ament_cmake_python_build_px4_ros_com_egg
[0.213s] gmake: *** [Makefile:146: all] Error 2
[0.235s] Invoked command in '/home/niweiss/ws_sensor_combined/build/px4_ros_com' returned '2': AMENT_PREFIX_PATH=/home/niweiss/ws_sensor_combined/install/px4_msgs:${AMENT_PREFIX_PATH} CMAKE_PREFIX_PATH=/home/niweiss/ws_sensor_combined/install/px4_msgs:/opt/ros/humble LD_LIBRARY_PATH=/home/niweiss/ws_sensor_combined/install/px4_msgs/lib:${LD_LIBRARY_PATH} PYTHONPATH=/home/niweiss/ws_sensor_combined/install/px4_msgs/local/lib/python3.10/dist-packages:${PYTHONPATH} /usr/bin/cmake --build /home/niweiss/ws_sensor_combined/build/px4_ros_com -- -j16 -l16
