[01m[K/home/niweiss/ws_sensor_combined/src/px4_ros_com/src/examples/offboard/offboard_launch.cpp:[m[K In member function â€˜[01m[Kvoid OffboardControl::handleSquarePathState()[m[Kâ€™:
[01m[K/home/niweiss/ws_sensor_combined/src/px4_ros_com/src/examples/offboard/offboard_launch.cpp:348:83:[m[K [01;31m[Kerror: [m[Kâ€˜[01m[Kwaypoint_z[m[Kâ€™ was not declared in this scope
  348 |                         publish_trajectory_setpoint(cur_square_x_, cur_square_y_, [01;31m[Kwaypoint_z[m[K);
      |                                                                                   [01;31m[K^~~~~~~~~~[m[K
[01m[K/home/niweiss/ws_sensor_combined/src/px4_ros_com/src/examples/offboard/offboard_launch.cpp:358:83:[m[K [01;31m[Kerror: [m[Kâ€˜[01m[Kwaypoint_z[m[Kâ€™ was not declared in this scope
  358 |                         publish_trajectory_setpoint(cur_square_x_, cur_square_y_, [01;31m[Kwaypoint_z[m[K);
      |                                                                                   [01;31m[K^~~~~~~~~~[m[K
[01m[K/home/niweiss/ws_sensor_combined/src/px4_ros_com/src/examples/offboard/offboard_launch.cpp:368:83:[m[K [01;31m[Kerror: [m[Kâ€˜[01m[Kwaypoint_z[m[Kâ€™ was not declared in this scope
  368 |                         publish_trajectory_setpoint(cur_square_x_, cur_square_y_, [01;31m[Kwaypoint_z[m[K);
      |                                                                                   [01;31m[K^~~~~~~~~~[m[K
[01m[K/home/niweiss/ws_sensor_combined/src/px4_ros_com/src/examples/offboard/offboard_launch.cpp:378:83:[m[K [01;31m[Kerror: [m[Kâ€˜[01m[Kwaypoint_z[m[Kâ€™ was not declared in this scope
  378 |                         publish_trajectory_setpoint(cur_square_x_, cur_square_y_, [01;31m[Kwaypoint_z[m[K);
      |                                                                                   [01;31m[K^~~~~~~~~~[m[K
gmake[2]: *** [CMakeFiles/offboard_launch.dir/build.make:76: CMakeFiles/offboard_launch.dir/src/examples/offboard/offboard_launch.cpp.o] Error 1
gmake[1]: *** [CMakeFiles/Makefile2:312: CMakeFiles/offboard_launch.dir/all] Error 2
gmake: *** [Makefile:146: all] Error 2
