[01m[K/home/niweiss/CPE-Capstone-2024-2025/ws_sensor_combined/src/px4_ros_com/src/examples/offboard/offboard_launch.cpp:198:45:[m[K [01;31m[Kerror: [m[Kâ€˜[01m[KSharePtr[m[Kâ€™ in â€˜[01m[Kclass rclcpp::Subscription<px4_msgs::msg::HomePosition_<std::allocator<void> > >[m[Kâ€™ does not name a type
  198 |         rclcpp::Subscription<HomePosition>::[01;31m[KSharePtr[m[K home_position_subscriber_;
      |                                             [01;31m[K^~~~~~~~[m[K
[01m[K/home/niweiss/CPE-Capstone-2024-2025/ws_sensor_combined/src/px4_ros_com/src/examples/offboard/offboard_launch.cpp:[m[K In constructor â€˜[01m[KOffboardControl::OffboardControl()[m[Kâ€™:
[01m[K/home/niweiss/CPE-Capstone-2024-2025/ws_sensor_combined/src/px4_ros_com/src/examples/offboard/offboard_launch.cpp:80:17:[m[K [01;31m[Kerror: [m[Kâ€˜[01m[Khome_position_subscriber_[m[Kâ€™ was not declared in this scope
   80 |                 [01;31m[Khome_position_subscriber_[m[K = this->create_subscription<HomePosition(
      |                 [01;31m[K^~~~~~~~~~~~~~~~~~~~~~~~~[m[K
[01m[K/home/niweiss/CPE-Capstone-2024-2025/ws_sensor_combined/src/px4_ros_com/src/examples/offboard/offboard_launch.cpp:81:70:[m[K [01;31m[Kerror: [m[Kâ€˜[01m[KhomePositionCallback[m[Kâ€™ is not a member of â€˜[01m[KOffboardControl[m[Kâ€™
   81 |                         "/fmu/out/", 10, std::bind(&OffboardControl::[01;31m[KhomePositionCallback[m[K, this, std::placeholders::_1));
      |                                                                      [01;31m[K^~~~~~~~~~~~~~~~~~~~[m[K
[01m[K/home/niweiss/CPE-Capstone-2024-2025/ws_sensor_combined/src/px4_ros_com/src/examples/offboard/offboard_launch.cpp:80:51:[m[K [01;31m[Kerror: [m[Kparse error in template argument list
   80 |                 home_position_subscriber_ = this->[01;31m[Kcreate_subscription<HomePosition([m[K
      |                                                   [01;31m[K^~~~~~~~~~~~~~~~~~~~~~~~~~~~~~~~~[m[K
   81 | [01;31m[K                        "/fmu/out/", 10, std::bind(&OffboardControl::homePositionCallback, this, std::placeholders::_1))[m[K;
      |                         [01;31m[K~~~~~~~~~~~~~~~~~~~~~~~~~~~~~~~~~~~~~~~~~~~~~~~~~~~~~~~~~~~~~~~~~~~~~~~~~~~~~~~~~~~~~~~~~~~~~~~~[m[K
In file included from [01m[K/opt/ros/humble/include/rclcpp/rclcpp/logging.hpp:24[m[K,
                 from [01m[K/opt/ros/humble/include/rclcpp/rclcpp/client.hpp:40[m[K,
                 from [01m[K/opt/ros/humble/include/rclcpp/rclcpp/callback_group.hpp:24[m[K,
                 from [01m[K/opt/ros/humble/include/rclcpp/rclcpp/any_executable.hpp:20[m[K,
                 from [01m[K/opt/ros/humble/include/rclcpp/rclcpp/memory_strategy.hpp:25[m[K,
                 from [01m[K/opt/ros/humble/include/rclcpp/rclcpp/memory_strategies.hpp:18[m[K,
                 from [01m[K/opt/ros/humble/include/rclcpp/rclcpp/executor_options.hpp:20[m[K,
                 from [01m[K/opt/ros/humble/include/rclcpp/rclcpp/executor.hpp:37[m[K,
                 from [01m[K/opt/ros/humble/include/rclcpp/rclcpp/executors/multi_threaded_executor.hpp:25[m[K,
                 from [01m[K/opt/ros/humble/include/rclcpp/rclcpp/executors.hpp:21[m[K,
                 from [01m[K/opt/ros/humble/include/rclcpp/rclcpp/rclcpp.hpp:155[m[K,
                 from [01m[K/home/niweiss/CPE-Capstone-2024-2025/ws_sensor_combined/src/px4_ros_com/src/examples/offboard/offboard_launch.cpp:20[m[K:
[01m[K/home/niweiss/CPE-Capstone-2024-2025/ws_sensor_combined/src/px4_ros_com/src/examples/offboard/offboard_launch.cpp:[m[K In member function â€˜[01m[Kvoid OffboardControl::gpsCallback(px4_msgs::msg::SensorGps)[m[Kâ€™:
[01m[K/home/niweiss/CPE-Capstone-2024-2025/ws_sensor_combined/src/px4_ros_com/src/examples/offboard/offboard_launch.cpp:521:63:[m[K [01;31m[Kerror: [m[Kâ€˜[01m[Kcur_lat[m[Kâ€™ was not declared in this scope; did you mean â€˜[01m[Kcur_lat_[m[Kâ€™?
  521 |                 RCLCPP_INFO(this->get_logger(), "(%f, %f)\n", [01;31m[Kcur_lat[m[K, cur_lon);
      |                                                               [01;31m[K^~~~~~~[m[K
[01m[K/home/niweiss/CPE-Capstone-2024-2025/ws_sensor_combined/src/px4_ros_com/src/examples/offboard/offboard_launch.cpp:521:72:[m[K [01;31m[Kerror: [m[Kâ€˜[01m[Kcur_lon[m[Kâ€™ was not declared in this scope; did you mean â€˜[01m[Kcur_lon_[m[Kâ€™?
  521 |                 RCLCPP_INFO(this->get_logger(), "(%f, %f)\n", cur_lat, [01;31m[Kcur_lon[m[K);
      |                                                                        [01;31m[K^~~~~~~[m[K
gmake[2]: *** [CMakeFiles/offboard_launch.dir/build.make:76: CMakeFiles/offboard_launch.dir/src/examples/offboard/offboard_launch.cpp.o] Error 1
gmake[1]: *** [CMakeFiles/Makefile2:312: CMakeFiles/offboard_launch.dir/all] Error 2
gmake: *** [Makefile:146: all] Error 2
