[0.494s] Invoking command in '/home/niweiss/CPE-Capstone-2024-2025/ws_sensor_combined/build/px4_ros_com': CMAKE_PREFIX_PATH=/home/niweiss/CPE-Capstone-2024-2025/ws_sensor_combined/install/px4_msgs:/home/niweiss/CPE-Capstone-2024-2025/ws_sensor_combined/install/custom_msgs:/home/niweiss/CPE-Capstone-2024-2025/ws_sensor_combined/install/px4_ros_com:/opt/ros/humble LD_LIBRARY_PATH=/home/niweiss/CPE-Capstone-2024-2025/ws_sensor_combined/install/px4_msgs/lib:/home/niweiss/CPE-Capstone-2024-2025/ws_sensor_combined/install/custom_msgs/lib:/home/niweiss/CPE-Capstone-2024-2025/ws_sensor_combined/install/px4_ros_com/lib:/opt/ros/humble/opt/rviz_ogre_vendor/lib:/opt/ros/humble/lib/x86_64-linux-gnu:/opt/ros/humble/lib /usr/bin/cmake --build /home/niweiss/CPE-Capstone-2024-2025/ws_sensor_combined/build/px4_ros_com -- -j16 -l16
[0.583s] [35m[1mConsolidate compiler generated dependencies of target sensor_combined_listener[0m
[0.583s] [35m[1mConsolidate compiler generated dependencies of target offboard_control_srv[0m
[0.583s] [35m[1mConsolidate compiler generated dependencies of target debug_vect_advertiser[0m
[0.583s] [35m[1mConsolidate compiler generated dependencies of target offboard_paths[0m
[0.584s] [35m[1mConsolidate compiler generated dependencies of target frame_transforms[0m
[0.584s] [35m[1mConsolidate compiler generated dependencies of target vehicle_gps_position_listener[0m
[0.592s] [35m[1mConsolidate compiler generated dependencies of target offboard_control[0m
[0.594s] [35m[1mConsolidate compiler generated dependencies of target offboard_launch[0m
[0.595s] [35m[1mConsolidate compiler generated dependencies of target flight_state_pub[0m
[0.613s] [  0%] Built target ament_cmake_python_copy_px4_ros_com
[0.624s] [ 11%] Built target frame_transforms
[0.650s] [ 27%] Built target debug_vect_advertiser
[0.651s] [ 38%] Built target offboard_control_srv
[0.651s] [ 50%] Built target offboard_control
[0.651s] [ 61%] Built target offboard_paths
[0.651s] [ 77%] Built target sensor_combined_listener
[0.651s] [ 72%] Built target vehicle_gps_position_listener
[0.651s] [ 88%] Built target flight_state_pub
[0.657s] [ 94%] [32mBuilding CXX object CMakeFiles/offboard_launch.dir/src/examples/offboard/offboard_launch.cpp.o[0m
[0.865s] running egg_info
[0.880s] writing px4_ros_com.egg-info/PKG-INFO
[0.880s] writing dependency_links to px4_ros_com.egg-info/dependency_links.txt
[0.881s] writing top-level names to px4_ros_com.egg-info/top_level.txt
[0.935s] reading manifest file 'px4_ros_com.egg-info/SOURCES.txt'
[0.936s] writing manifest file 'px4_ros_com.egg-info/SOURCES.txt'
[0.974s] [ 94%] Built target ament_cmake_python_build_px4_ros_com_egg
[6.757s] [01m[K/home/niweiss/CPE-Capstone-2024-2025/ws_sensor_combined/src/px4_ros_com/src/examples/offboard/offboard_launch.cpp:198:45:[m[K [01;31m[Kerror: [m[Kâ€˜[01m[KSharePtr[m[Kâ€™ in â€˜[01m[Kclass rclcpp::Subscription<px4_msgs::msg::HomePosition_<std::allocator<void> > >[m[Kâ€™ does not name a type
[6.757s]   198 |         rclcpp::Subscription<HomePosition>::[01;31m[KSharePtr[m[K home_position_subscriber_;
[6.757s]       |                                             [01;31m[K^~~~~~~~[m[K
[6.793s] [01m[K/home/niweiss/CPE-Capstone-2024-2025/ws_sensor_combined/src/px4_ros_com/src/examples/offboard/offboard_launch.cpp:[m[K In constructor â€˜[01m[KOffboardControl::OffboardControl()[m[Kâ€™:
[6.794s] [01m[K/home/niweiss/CPE-Capstone-2024-2025/ws_sensor_combined/src/px4_ros_com/src/examples/offboard/offboard_launch.cpp:80:17:[m[K [01;31m[Kerror: [m[Kâ€˜[01m[Khome_position_subscriber_[m[Kâ€™ was not declared in this scope
[6.794s]    80 |                 [01;31m[Khome_position_subscriber_[m[K = this->create_subscription<HomePosition(
[6.794s]       |                 [01;31m[K^~~~~~~~~~~~~~~~~~~~~~~~~[m[K
[6.794s] [01m[K/home/niweiss/CPE-Capstone-2024-2025/ws_sensor_combined/src/px4_ros_com/src/examples/offboard/offboard_launch.cpp:81:70:[m[K [01;31m[Kerror: [m[Kâ€˜[01m[KhomePositionCallback[m[Kâ€™ is not a member of â€˜[01m[KOffboardControl[m[Kâ€™
[6.794s]    81 |                         "/fmu/out/", 10, std::bind(&OffboardControl::[01;31m[KhomePositionCallback[m[K, this, std::placeholders::_1));
[6.794s]       |                                                                      [01;31m[K^~~~~~~~~~~~~~~~~~~~[m[K
[6.794s] [01m[K/home/niweiss/CPE-Capstone-2024-2025/ws_sensor_combined/src/px4_ros_com/src/examples/offboard/offboard_launch.cpp:80:51:[m[K [01;31m[Kerror: [m[Kparse error in template argument list
[6.794s]    80 |                 home_position_subscriber_ = this->[01;31m[Kcreate_subscription<HomePosition([m[K
[6.794s]       |                                                   [01;31m[K^~~~~~~~~~~~~~~~~~~~~~~~~~~~~~~~~[m[K
[6.794s]    81 | [01;31m[K                        "/fmu/out/", 10, std::bind(&OffboardControl::homePositionCallback, this, std::placeholders::_1))[m[K;
[6.794s]       |                         [01;31m[K~~~~~~~~~~~~~~~~~~~~~~~~~~~~~~~~~~~~~~~~~~~~~~~~~~~~~~~~~~~~~~~~~~~~~~~~~~~~~~~~~~~~~~~~~~~~~~~~[m[K
[6.817s] In file included from [01m[K/opt/ros/humble/include/rclcpp/rclcpp/logging.hpp:24[m[K,
[6.817s]                  from [01m[K/opt/ros/humble/include/rclcpp/rclcpp/client.hpp:40[m[K,
[6.817s]                  from [01m[K/opt/ros/humble/include/rclcpp/rclcpp/callback_group.hpp:24[m[K,
[6.817s]                  from [01m[K/opt/ros/humble/include/rclcpp/rclcpp/any_executable.hpp:20[m[K,
[6.817s]                  from [01m[K/opt/ros/humble/include/rclcpp/rclcpp/memory_strategy.hpp:25[m[K,
[6.817s]                  from [01m[K/opt/ros/humble/include/rclcpp/rclcpp/memory_strategies.hpp:18[m[K,
[6.817s]                  from [01m[K/opt/ros/humble/include/rclcpp/rclcpp/executor_options.hpp:20[m[K,
[6.817s]                  from [01m[K/opt/ros/humble/include/rclcpp/rclcpp/executor.hpp:37[m[K,
[6.817s]                  from [01m[K/opt/ros/humble/include/rclcpp/rclcpp/executors/multi_threaded_executor.hpp:25[m[K,
[6.817s]                  from [01m[K/opt/ros/humble/include/rclcpp/rclcpp/executors.hpp:21[m[K,
[6.818s]                  from [01m[K/opt/ros/humble/include/rclcpp/rclcpp/rclcpp.hpp:155[m[K,
[6.818s]                  from [01m[K/home/niweiss/CPE-Capstone-2024-2025/ws_sensor_combined/src/px4_ros_com/src/examples/offboard/offboard_launch.cpp:20[m[K:
[6.818s] [01m[K/home/niweiss/CPE-Capstone-2024-2025/ws_sensor_combined/src/px4_ros_com/src/examples/offboard/offboard_launch.cpp:[m[K In member function â€˜[01m[Kvoid OffboardControl::gpsCallback(px4_msgs::msg::SensorGps)[m[Kâ€™:
[6.818s] [01m[K/home/niweiss/CPE-Capstone-2024-2025/ws_sensor_combined/src/px4_ros_com/src/examples/offboard/offboard_launch.cpp:521:63:[m[K [01;31m[Kerror: [m[Kâ€˜[01m[Kcur_lat[m[Kâ€™ was not declared in this scope; did you mean â€˜[01m[Kcur_lat_[m[Kâ€™?
[6.818s]   521 |                 RCLCPP_INFO(this->get_logger(), "(%f, %f)\n", [01;31m[Kcur_lat[m[K, cur_lon);
[6.818s]       |                                                               [01;31m[K^~~~~~~[m[K
[6.824s] [01m[K/home/niweiss/CPE-Capstone-2024-2025/ws_sensor_combined/src/px4_ros_com/src/examples/offboard/offboard_launch.cpp:521:72:[m[K [01;31m[Kerror: [m[Kâ€˜[01m[Kcur_lon[m[Kâ€™ was not declared in this scope; did you mean â€˜[01m[Kcur_lon_[m[Kâ€™?
[6.824s]   521 |                 RCLCPP_INFO(this->get_logger(), "(%f, %f)\n", cur_lat, [01;31m[Kcur_lon[m[K);
[6.824s]       |                                                                        [01;31m[K^~~~~~~[m[K
[18.606s] gmake[2]: *** [CMakeFiles/offboard_launch.dir/build.make:76: CMakeFiles/offboard_launch.dir/src/examples/offboard/offboard_launch.cpp.o] Error 1
[18.606s] gmake[1]: *** [CMakeFiles/Makefile2:312: CMakeFiles/offboard_launch.dir/all] Error 2
[18.607s] gmake: *** [Makefile:146: all] Error 2
[18.610s] Invoked command in '/home/niweiss/CPE-Capstone-2024-2025/ws_sensor_combined/build/px4_ros_com' returned '2': CMAKE_PREFIX_PATH=/home/niweiss/CPE-Capstone-2024-2025/ws_sensor_combined/install/px4_msgs:/home/niweiss/CPE-Capstone-2024-2025/ws_sensor_combined/install/custom_msgs:/home/niweiss/CPE-Capstone-2024-2025/ws_sensor_combined/install/px4_ros_com:/opt/ros/humble LD_LIBRARY_PATH=/home/niweiss/CPE-Capstone-2024-2025/ws_sensor_combined/install/px4_msgs/lib:/home/niweiss/CPE-Capstone-2024-2025/ws_sensor_combined/install/custom_msgs/lib:/home/niweiss/CPE-Capstone-2024-2025/ws_sensor_combined/install/px4_ros_com/lib:/opt/ros/humble/opt/rviz_ogre_vendor/lib:/opt/ros/humble/lib/x86_64-linux-gnu:/opt/ros/humble/lib /usr/bin/cmake --build /home/niweiss/CPE-Capstone-2024-2025/ws_sensor_combined/build/px4_ros_com -- -j16 -l16
