[35m[1mConsolidate compiler generated dependencies of target offboard_launch[0m
[ 10%] Built target sensor_combined_listener
[ 10%] Built target ament_cmake_python_copy_px4_ros_com
[ 20%] Built target offboard_paths
[ 30%] Built target vehicle_gps_position_listener
[ 40%] Built target flight_state_pub
[ 50%] Built target offboard_control_srv
[ 60%] Built target frame_transforms
[ 70%] Built target gui_command_pub
[ 80%] Built target offboard_control
[ 90%] Built target debug_vect_advertiser
[ 95%] [32mBuilding CXX object CMakeFiles/offboard_launch.dir/src/examples/offboard/offboard_launch.cpp.o[0m
running egg_info
writing px4_ros_com.egg-info/PKG-INFO
writing dependency_links to px4_ros_com.egg-info/dependency_links.txt
writing top-level names to px4_ros_com.egg-info/top_level.txt
reading manifest file 'px4_ros_com.egg-info/SOURCES.txt'
writing manifest file 'px4_ros_com.egg-info/SOURCES.txt'
[ 95%] Built target ament_cmake_python_build_px4_ros_com_egg
[01m[K/home/niweiss/CPE-Capstone-2024-2025/ws_sensor_combined/src/px4_ros_com/src/examples/offboard/offboard_launch.cpp:[m[K In member function â€˜[01m[Kvoid OffboardControl::updateLocalTargets()[m[Kâ€™:
[01m[K/home/niweiss/CPE-Capstone-2024-2025/ws_sensor_combined/src/px4_ros_com/src/examples/offboard/offboard_launch.cpp:32:31:[m[K [01;31m[Kerror: [m[Kexpected â€˜[01m[K)[m[Kâ€™ before â€˜[01m[K;[m[Kâ€™ token
   32 | #define EARTH_RADIUS 6378137.0[01;31m[K;[m[K // Earth's radius in meters
      |                               [01;31m[K^[m[K
[01m[K/home/niweiss/CPE-Capstone-2024-2025/ws_sensor_combined/src/px4_ros_com/src/examples/offboard/offboard_launch.cpp:533:55:[m[K [01;36m[Knote: [m[Kin expansion of macro â€˜[01m[KEARTH_RADIUS[m[Kâ€™
  533 |                 target_x_ = dLat * static_cast<float>([01;36m[KEARTH_RADIUS[m[K);
      |                                                       [01;36m[K^~~~~~~~~~~~[m[K
[01m[K/home/niweiss/CPE-Capstone-2024-2025/ws_sensor_combined/src/px4_ros_com/src/examples/offboard/offboard_launch.cpp:533:67:[m[K [01;31m[Kerror: [m[Kexpected primary-expression before â€˜[01m[K)[m[Kâ€™ token
  533 |                 target_x_ = dLat * static_cast<float>(EARTH_RADIUS[01;31m[K)[m[K;
      |                                                                   [01;31m[K^[m[K
[01m[K/home/niweiss/CPE-Capstone-2024-2025/ws_sensor_combined/src/px4_ros_com/src/examples/offboard/offboard_launch.cpp:32:31:[m[K [01;31m[Kerror: [m[Kexpected â€˜[01m[K)[m[Kâ€™ before â€˜[01m[K;[m[Kâ€™ token
   32 | #define EARTH_RADIUS 6378137.0[01;31m[K;[m[K // Earth's radius in meters
      |                               [01;31m[K^[m[K
[01m[K/home/niweiss/CPE-Capstone-2024-2025/ws_sensor_combined/src/px4_ros_com/src/examples/offboard/offboard_launch.cpp:534:55:[m[K [01;36m[Knote: [m[Kin expansion of macro â€˜[01m[KEARTH_RADIUS[m[Kâ€™
  534 |                 target_y_ = dLon * static_cast<float>([01;36m[KEARTH_RADIUS[m[K) * std::cos(deg2Rad(home_lat_));
      |                                                       [01;36m[K^~~~~~~~~~~~[m[K
[01m[K/home/niweiss/CPE-Capstone-2024-2025/ws_sensor_combined/src/px4_ros_com/src/examples/offboard/offboard_launch.cpp:534:67:[m[K [01;31m[Kerror: [m[Kexpected primary-expression before â€˜[01m[K)[m[Kâ€™ token
  534 |                 target_y_ = dLon * static_cast<float>(EARTH_RADIUS[01;31m[K)[m[K * std::cos(deg2Rad(home_lat_));
      |                                                                   [01;31m[K^[m[K
gmake[2]: *** [CMakeFiles/offboard_launch.dir/build.make:76: CMakeFiles/offboard_launch.dir/src/examples/offboard/offboard_launch.cpp.o] Error 1
gmake[1]: *** [CMakeFiles/Makefile2:314: CMakeFiles/offboard_launch.dir/all] Error 2
gmake: *** [Makefile:146: all] Error 2
