[0.618s] Invoking command in '/home/niweiss/CPE-Capstone-2024-2025/ws_sensor_combined/build/px4_ros_com': CMAKE_PREFIX_PATH=/home/niweiss/CPE-Capstone-2024-2025/ws_sensor_combined/install/px4_msgs:/home/niweiss/CPE-Capstone-2024-2025/ws_sensor_combined/install/custom_msgs:/home/niweiss/CPE-Capstone-2024-2025/ws_sensor_combined/install/px4_ros_com:/home/niweiss/ws_sensor_combined/install/example_mode_with_executor_cpp:/home/niweiss/ws_sensor_combined/install/example_mode_rtl_replacement_cpp:/home/niweiss/ws_sensor_combined/install/example_mode_manual_cpp:/home/niweiss/ws_sensor_combined/install/example_mode_goto_global_cpp:/home/niweiss/ws_sensor_combined/install/example_mode_goto_cpp:/home/niweiss/ws_sensor_combined/install/example_mode_fw_attitude_cpp:/home/niweiss/ws_sensor_combined/install/example_local_navigation_cpp:/home/niweiss/ws_sensor_combined/install/example_global_navigation_cpp:/home/niweiss/ws_sensor_combined/install/px4_ros2_cpp:/home/niweiss/ws_sensor_combined/install/px4_msgs:/home/niweiss/ws_sensor_combined/install/custom_msgs:/home/niweiss/ws_sensor_combined/install/px4_ros_com:/opt/ros/humble LD_LIBRARY_PATH=/home/niweiss/CPE-Capstone-2024-2025/ws_sensor_combined/install/px4_msgs/lib:/home/niweiss/CPE-Capstone-2024-2025/ws_sensor_combined/install/custom_msgs/lib:/home/niweiss/CPE-Capstone-2024-2025/ws_sensor_combined/install/px4_ros_com/lib:/home/niweiss/ws_sensor_combined/install/px4_ros_com/lib:/home/niweiss/ws_sensor_combined/install/px4_ros2_cpp/lib:/home/niweiss/ws_sensor_combined/install/px4_msgs/lib:/home/niweiss/ws_sensor_combined/install/custom_msgs/lib:/opt/ros/humble/opt/rviz_ogre_vendor/lib:/opt/ros/humble/lib/x86_64-linux-gnu:/opt/ros/humble/lib /usr/bin/cmake --build /home/niweiss/CPE-Capstone-2024-2025/ws_sensor_combined/build/px4_ros_com -- -j16 -l16
[0.699s] [35m[1mConsolidate compiler generated dependencies of target offboard_launch[0m
[0.711s] [ 10%] Built target sensor_combined_listener
[0.717s] [ 10%] Built target ament_cmake_python_copy_px4_ros_com
[0.717s] [ 20%] Built target offboard_paths
[0.717s] [ 30%] Built target vehicle_gps_position_listener
[0.720s] [ 40%] Built target flight_state_pub
[0.721s] [ 50%] Built target offboard_control_srv
[0.721s] [ 60%] Built target frame_transforms
[0.722s] [ 70%] Built target gui_command_pub
[0.723s] [ 80%] Built target offboard_control
[0.725s] [ 90%] Built target debug_vect_advertiser
[0.730s] [ 95%] [32mBuilding CXX object CMakeFiles/offboard_launch.dir/src/examples/offboard/offboard_launch.cpp.o[0m
[1.045s] running egg_info
[1.068s] writing px4_ros_com.egg-info/PKG-INFO
[1.070s] writing dependency_links to px4_ros_com.egg-info/dependency_links.txt
[1.070s] writing top-level names to px4_ros_com.egg-info/top_level.txt
[1.141s] reading manifest file 'px4_ros_com.egg-info/SOURCES.txt'
[1.143s] writing manifest file 'px4_ros_com.egg-info/SOURCES.txt'
[1.186s] [ 95%] Built target ament_cmake_python_build_px4_ros_com_egg
[6.700s] [01m[K/home/niweiss/CPE-Capstone-2024-2025/ws_sensor_combined/src/px4_ros_com/src/examples/offboard/offboard_launch.cpp:[m[K In member function â€˜[01m[Kvoid OffboardControl::updateLocalTargets()[m[Kâ€™:
[6.700s] [01m[K/home/niweiss/CPE-Capstone-2024-2025/ws_sensor_combined/src/px4_ros_com/src/examples/offboard/offboard_launch.cpp:32:31:[m[K [01;31m[Kerror: [m[Kexpected â€˜[01m[K)[m[Kâ€™ before â€˜[01m[K;[m[Kâ€™ token
[6.701s]    32 | #define EARTH_RADIUS 6378137.0[01;31m[K;[m[K // Earth's radius in meters
[6.701s]       |                               [01;31m[K^[m[K
[6.701s] [01m[K/home/niweiss/CPE-Capstone-2024-2025/ws_sensor_combined/src/px4_ros_com/src/examples/offboard/offboard_launch.cpp:533:55:[m[K [01;36m[Knote: [m[Kin expansion of macro â€˜[01m[KEARTH_RADIUS[m[Kâ€™
[6.701s]   533 |                 target_x_ = dLat * static_cast<float>([01;36m[KEARTH_RADIUS[m[K);
[6.701s]       |                                                       [01;36m[K^~~~~~~~~~~~[m[K
[6.701s] [01m[K/home/niweiss/CPE-Capstone-2024-2025/ws_sensor_combined/src/px4_ros_com/src/examples/offboard/offboard_launch.cpp:533:67:[m[K [01;31m[Kerror: [m[Kexpected primary-expression before â€˜[01m[K)[m[Kâ€™ token
[6.701s]   533 |                 target_x_ = dLat * static_cast<float>(EARTH_RADIUS[01;31m[K)[m[K;
[6.702s]       |                                                                   [01;31m[K^[m[K
[6.702s] [01m[K/home/niweiss/CPE-Capstone-2024-2025/ws_sensor_combined/src/px4_ros_com/src/examples/offboard/offboard_launch.cpp:32:31:[m[K [01;31m[Kerror: [m[Kexpected â€˜[01m[K)[m[Kâ€™ before â€˜[01m[K;[m[Kâ€™ token
[6.702s]    32 | #define EARTH_RADIUS 6378137.0[01;31m[K;[m[K // Earth's radius in meters
[6.702s]       |                               [01;31m[K^[m[K
[6.702s] [01m[K/home/niweiss/CPE-Capstone-2024-2025/ws_sensor_combined/src/px4_ros_com/src/examples/offboard/offboard_launch.cpp:534:55:[m[K [01;36m[Knote: [m[Kin expansion of macro â€˜[01m[KEARTH_RADIUS[m[Kâ€™
[6.702s]   534 |                 target_y_ = dLon * static_cast<float>([01;36m[KEARTH_RADIUS[m[K) * std::cos(deg2Rad(home_lat_));
[6.702s]       |                                                       [01;36m[K^~~~~~~~~~~~[m[K
[6.702s] [01m[K/home/niweiss/CPE-Capstone-2024-2025/ws_sensor_combined/src/px4_ros_com/src/examples/offboard/offboard_launch.cpp:534:67:[m[K [01;31m[Kerror: [m[Kexpected primary-expression before â€˜[01m[K)[m[Kâ€™ token
[6.703s]   534 |                 target_y_ = dLon * static_cast<float>(EARTH_RADIUS[01;31m[K)[m[K * std::cos(deg2Rad(home_lat_));
[6.703s]       |                                                                   [01;31m[K^[m[K
[28.528s] gmake[2]: *** [CMakeFiles/offboard_launch.dir/build.make:76: CMakeFiles/offboard_launch.dir/src/examples/offboard/offboard_launch.cpp.o] Error 1
[28.529s] gmake[1]: *** [CMakeFiles/Makefile2:314: CMakeFiles/offboard_launch.dir/all] Error 2
[28.529s] gmake: *** [Makefile:146: all] Error 2
[28.534s] Invoked command in '/home/niweiss/CPE-Capstone-2024-2025/ws_sensor_combined/build/px4_ros_com' returned '2': CMAKE_PREFIX_PATH=/home/niweiss/CPE-Capstone-2024-2025/ws_sensor_combined/install/px4_msgs:/home/niweiss/CPE-Capstone-2024-2025/ws_sensor_combined/install/custom_msgs:/home/niweiss/CPE-Capstone-2024-2025/ws_sensor_combined/install/px4_ros_com:/home/niweiss/ws_sensor_combined/install/example_mode_with_executor_cpp:/home/niweiss/ws_sensor_combined/install/example_mode_rtl_replacement_cpp:/home/niweiss/ws_sensor_combined/install/example_mode_manual_cpp:/home/niweiss/ws_sensor_combined/install/example_mode_goto_global_cpp:/home/niweiss/ws_sensor_combined/install/example_mode_goto_cpp:/home/niweiss/ws_sensor_combined/install/example_mode_fw_attitude_cpp:/home/niweiss/ws_sensor_combined/install/example_local_navigation_cpp:/home/niweiss/ws_sensor_combined/install/example_global_navigation_cpp:/home/niweiss/ws_sensor_combined/install/px4_ros2_cpp:/home/niweiss/ws_sensor_combined/install/px4_msgs:/home/niweiss/ws_sensor_combined/install/custom_msgs:/home/niweiss/ws_sensor_combined/install/px4_ros_com:/opt/ros/humble LD_LIBRARY_PATH=/home/niweiss/CPE-Capstone-2024-2025/ws_sensor_combined/install/px4_msgs/lib:/home/niweiss/CPE-Capstone-2024-2025/ws_sensor_combined/install/custom_msgs/lib:/home/niweiss/CPE-Capstone-2024-2025/ws_sensor_combined/install/px4_ros_com/lib:/home/niweiss/ws_sensor_combined/install/px4_ros_com/lib:/home/niweiss/ws_sensor_combined/install/px4_ros2_cpp/lib:/home/niweiss/ws_sensor_combined/install/px4_msgs/lib:/home/niweiss/ws_sensor_combined/install/custom_msgs/lib:/opt/ros/humble/opt/rviz_ogre_vendor/lib:/opt/ros/humble/lib/x86_64-linux-gnu:/opt/ros/humble/lib /usr/bin/cmake --build /home/niweiss/CPE-Capstone-2024-2025/ws_sensor_combined/build/px4_ros_com -- -j16 -l16
