[35m[1mConsolidate compiler generated dependencies of target offboard_launch[0m
[ 22%] Built target sensor_combined_listener
[ 22%] Built target offboard_control
[ 33%] Built target offboard_control_srv
[ 33%] Built target ament_cmake_python_copy_px4_ros_com
[ 55%] Built target debug_vect_advertiser
[ 55%] Built target frame_transforms
[ 83%] Built target vehicle_gps_position_listener
[ 83%] [32mBuilding CXX object CMakeFiles/offboard_launch.dir/src/examples/offboard/offboard_launch.cpp.o[0m
[ 83%] Built target flight_state_pub
[ 94%] Built target offboard_paths
running egg_info
writing px4_ros_com.egg-info/PKG-INFO
writing dependency_links to px4_ros_com.egg-info/dependency_links.txt
writing top-level names to px4_ros_com.egg-info/top_level.txt
reading manifest file 'px4_ros_com.egg-info/SOURCES.txt'
writing manifest file 'px4_ros_com.egg-info/SOURCES.txt'
[ 94%] Built target ament_cmake_python_build_px4_ros_com_egg
[01m[K/home/niweiss/ws_sensor_combined/src/px4_ros_com/src/examples/offboard/offboard_launch.cpp:[m[K In member function â€˜[01m[Kvoid OffboardControl::handleFigure8PathState(float, float, float, float)[m[Kâ€™:
[01m[K/home/niweiss/ws_sensor_combined/src/px4_ros_com/src/examples/offboard/offboard_launch.cpp:337:17:[m[K [01;31m[Kerror: [m[Kexpected â€˜[01m[K;[m[Kâ€™ before â€˜[01m[K}[m[Kâ€™ token
  337 |                 [01;31m[K}[m[K
      |                 [01;31m[K^[m[K
[01m[K/home/niweiss/ws_sensor_combined/src/px4_ros_com/src/examples/offboard/offboard_launch.cpp:338:52:[m[K [01;31m[Kerror: [m[Kâ€˜[01m[Kangle[m[Kâ€™ was not declared in this scope; did you mean â€˜[01m[Kangle_[m[Kâ€™?
  338 |                 else if (figure8_y < waypoint_y && [01;31m[Kangle[m[K > 2.5 * M_PI){
      |                                                    [01;31m[K^~~~~[m[K
      |                                                    [32m[Kangle_[m[K
gmake[2]: *** [CMakeFiles/offboard_launch.dir/build.make:76: CMakeFiles/offboard_launch.dir/src/examples/offboard/offboard_launch.cpp.o] Error 1
gmake[1]: *** [CMakeFiles/Makefile2:312: CMakeFiles/offboard_launch.dir/all] Error 2
gmake: *** [Makefile:146: all] Error 2
