[0.044s] Invoking command in '/home/niweiss/ws_sensor_combined/build/px4_ros_com': AMENT_PREFIX_PATH=/home/niweiss/ws_sensor_combined/install/px4_msgs:${AMENT_PREFIX_PATH} CMAKE_PREFIX_PATH=/home/niweiss/ws_sensor_combined/install/px4_msgs:/opt/ros/humble LD_LIBRARY_PATH=/home/niweiss/ws_sensor_combined/install/px4_msgs/lib:${LD_LIBRARY_PATH} PYTHONPATH=/home/niweiss/ws_sensor_combined/install/px4_msgs/local/lib/python3.10/dist-packages:${PYTHONPATH} /usr/bin/cmake --build /home/niweiss/ws_sensor_combined/build/px4_ros_com -- -j16 -l16
[0.064s] [35m[1mConsolidate compiler generated dependencies of target offboard_paths[0m
[0.064s] [35m[1mConsolidate compiler generated dependencies of target offboard_launch[0m
[0.072s] [ 12%] Built target debug_vect_advertiser
[0.073s] [ 25%] Built target vehicle_gps_position_listener
[0.073s] [ 37%] Built target sensor_combined_listener
[0.073s] [ 50%] Built target offboard_control
[0.076s] [ 62%] Built target offboard_paths
[0.077s] [ 75%] Built target offboard_control_srv
[0.077s] [ 68%] Built target ament_cmake_python_copy_px4_ros_com
[0.077s] [ 81%] [32mBuilding CXX object CMakeFiles/offboard_launch.dir/src/examples/offboard/offboard_launch.cpp.o[0m
[0.081s] [ 93%] Built target frame_transforms
[0.208s] running egg_info
[0.217s] writing px4_ros_com.egg-info/PKG-INFO
[0.217s] writing dependency_links to px4_ros_com.egg-info/dependency_links.txt
[0.217s] writing top-level names to px4_ros_com.egg-info/top_level.txt
[0.243s] reading manifest file 'px4_ros_com.egg-info/SOURCES.txt'
[0.244s] writing manifest file 'px4_ros_com.egg-info/SOURCES.txt'
[0.263s] [ 93%] Built target ament_cmake_python_build_px4_ros_com_egg
[1.627s] [01m[K/home/niweiss/ws_sensor_combined/src/px4_ros_com/src/examples/offboard/offboard_launch.cpp:[m[K In constructor â€˜[01m[KOffboardControl::OffboardControl(float)[m[Kâ€™:
[1.627s] [01m[K/home/niweiss/ws_sensor_combined/src/px4_ros_com/src/examples/offboard/offboard_launch.cpp:77:45:[m[K [01;31m[Kerror: [m[Kâ€˜[01m[KFlightControllerNode[m[Kâ€™ has not been declared
[1.627s]    77 |             "desired_state", 10, std::bind(&[01;31m[KFlightControllerNode[m[K::stateCallback, this, std::placeholders::_1));
[1.627s]       |                                             [01;31m[K^~~~~~~~~~~~~~~~~~~~[m[K
[2.326s] gmake[2]: *** [CMakeFiles/offboard_launch.dir/build.make:76: CMakeFiles/offboard_launch.dir/src/examples/offboard/offboard_launch.cpp.o] Error 1
[2.327s] gmake[1]: *** [CMakeFiles/Makefile2:310: CMakeFiles/offboard_launch.dir/all] Error 2
[2.327s] gmake: *** [Makefile:146: all] Error 2
[2.330s] Invoked command in '/home/niweiss/ws_sensor_combined/build/px4_ros_com' returned '2': AMENT_PREFIX_PATH=/home/niweiss/ws_sensor_combined/install/px4_msgs:${AMENT_PREFIX_PATH} CMAKE_PREFIX_PATH=/home/niweiss/ws_sensor_combined/install/px4_msgs:/opt/ros/humble LD_LIBRARY_PATH=/home/niweiss/ws_sensor_combined/install/px4_msgs/lib:${LD_LIBRARY_PATH} PYTHONPATH=/home/niweiss/ws_sensor_combined/install/px4_msgs/local/lib/python3.10/dist-packages:${PYTHONPATH} /usr/bin/cmake --build /home/niweiss/ws_sensor_combined/build/px4_ros_com -- -j16 -l16
