[35m[1mConsolidate compiler generated dependencies of target offboard_launch[0m
[ 12%] Built target frame_transforms
[ 25%] Built target debug_vect_advertiser
[ 50%] Built target offboard_control
[ 50%] Built target sensor_combined_listener
[ 68%] Built target offboard_control_srv
[ 68%] [32mBuilding CXX object CMakeFiles/offboard_launch.dir/src/examples/offboard/offboard_launch.cpp.o[0m
[ 68%] Built target ament_cmake_python_copy_px4_ros_com
[ 81%] Built target vehicle_gps_position_listener
[ 93%] Built target offboard_paths
running egg_info
writing px4_ros_com.egg-info/PKG-INFO
writing dependency_links to px4_ros_com.egg-info/dependency_links.txt
writing top-level names to px4_ros_com.egg-info/top_level.txt
reading manifest file 'px4_ros_com.egg-info/SOURCES.txt'
writing manifest file 'px4_ros_com.egg-info/SOURCES.txt'
[ 93%] Built target ament_cmake_python_build_px4_ros_com_egg
[01m[K/home/niweiss/ws_sensor_combined/src/px4_ros_com/src/examples/offboard/offboard_launch.cpp:[m[K In function â€˜[01m[Kint main(int, char**)[m[Kâ€™:
[01m[K/home/niweiss/ws_sensor_combined/src/px4_ros_com/src/examples/offboard/offboard_launch.cpp:186:73:[m[K [01;31m[Kerror: [m[Kexpected â€˜[01m[K)[m[Kâ€™ before â€˜[01m[K;[m[Kâ€™ token
  186 |         rclcpp::spin[34m[K([m[Kstd::make_shared<OffboardControl>(initial_altitude)[01;31m[K;[m[K
      |                     [34m[K~[m[K                                                   [01;31m[K^[m[K
      |                                                                         [32m[K)[m[K
gmake[2]: *** [CMakeFiles/offboard_launch.dir/build.make:76: CMakeFiles/offboard_launch.dir/src/examples/offboard/offboard_launch.cpp.o] Error 1
gmake[1]: *** [CMakeFiles/Makefile2:310: CMakeFiles/offboard_launch.dir/all] Error 2
gmake: *** [Makefile:146: all] Error 2
