[0.037s] Invoking command in '/home/niweiss/ws_sensor_combined/build/px4_ros_com': CMAKE_PREFIX_PATH=/home/niweiss/ws_sensor_combined/install/px4_msgs:/home/niweiss/ws_sensor_combined/install/px4_ros_com:/home/niweiss/ws_sensor_combined/install/example_mode_with_executor_cpp:/home/niweiss/ws_sensor_combined/install/example_mode_rtl_replacement_cpp:/home/niweiss/ws_sensor_combined/install/example_mode_manual_cpp:/home/niweiss/ws_sensor_combined/install/example_mode_goto_global_cpp:/home/niweiss/ws_sensor_combined/install/example_mode_goto_cpp:/home/niweiss/ws_sensor_combined/install/example_mode_fw_attitude_cpp:/home/niweiss/ws_sensor_combined/install/example_local_navigation_cpp:/home/niweiss/ws_sensor_combined/install/example_global_navigation_cpp:/home/niweiss/ws_sensor_combined/install/px4_ros2_cpp:/opt/ros/humble LD_LIBRARY_PATH=/home/niweiss/ws_sensor_combined/install/px4_msgs/lib:/home/niweiss/ws_sensor_combined/install/px4_ros_com/lib:/home/niweiss/ws_sensor_combined/install/px4_ros2_cpp/lib:/opt/ros/humble/opt/rviz_ogre_vendor/lib:/opt/ros/humble/lib/x86_64-linux-gnu:/opt/ros/humble/lib /usr/bin/cmake --build /home/niweiss/ws_sensor_combined/build/px4_ros_com -- -j16 -l16
[0.059s] [35m[1mConsolidate compiler generated dependencies of target offboard_launch[0m
[0.065s] [ 12%] Built target frame_transforms
[0.068s] [ 31%] Built target offboard_control
[0.068s] [ 43%] Built target vehicle_gps_position_listener
[0.068s] [ 50%] Built target offboard_paths
[0.068s] [ 62%] Built target sensor_combined_listener
[0.068s] [ 75%] Built target offboard_control_srv
[0.070s] [ 75%] Built target ament_cmake_python_copy_px4_ros_com
[0.071s] [ 81%] [32mBuilding CXX object CMakeFiles/offboard_launch.dir/src/examples/offboard/offboard_launch.cpp.o[0m
[0.073s] [ 93%] Built target debug_vect_advertiser
[0.175s] running egg_info
[0.183s] writing px4_ros_com.egg-info/PKG-INFO
[0.183s] writing dependency_links to px4_ros_com.egg-info/dependency_links.txt
[0.183s] writing top-level names to px4_ros_com.egg-info/top_level.txt
[0.207s] reading manifest file 'px4_ros_com.egg-info/SOURCES.txt'
[0.207s] writing manifest file 'px4_ros_com.egg-info/SOURCES.txt'
[0.224s] [ 93%] Built target ament_cmake_python_build_px4_ros_com_egg
[1.576s] [01m[K/home/niweiss/ws_sensor_combined/src/px4_ros_com/src/examples/offboard/offboard_launch.cpp:[m[K In lambda function:
[1.576s] [01m[K/home/niweiss/ws_sensor_combined/src/px4_ros_com/src/examples/offboard/offboard_launch.cpp:101:41:[m[K [01;31m[Kerror: [m[Kâ€˜[01m[KhandleLandState[m[Kâ€™ was not declared in this scope; did you mean â€˜[01m[KhandleLandingState[m[Kâ€™?
[1.576s]   101 |                                         [01;31m[KhandleLandState[m[K();
[1.576s]       |                                         [01;31m[K^~~~~~~~~~~~~~~[m[K
[1.576s]       |                                         [32m[KhandleLandingState[m[K
[1.587s] [01m[K/home/niweiss/ws_sensor_combined/src/px4_ros_com/src/examples/offboard/offboard_launch.cpp:[m[K In member function â€˜[01m[Kvoid OffboardControl::handleTakeoffState()[m[Kâ€™:
[1.587s] [01m[K/home/niweiss/ws_sensor_combined/src/px4_ros_com/src/examples/offboard/offboard_launch.cpp:158:47:[m[K [01;31m[Kerror: [m[Kâ€˜[01m[Kinitial_altitude[m[Kâ€™ was not declared in this scope
[1.587s]   158 |         publish_trajectory_setpoint(0.0, 0.0, [01;31m[Kinitial_altitude[m[K);
[1.588s]       |                                               [01;31m[K^~~~~~~~~~~~~~~~[m[K
[1.593s] [01m[K/home/niweiss/ws_sensor_combined/src/px4_ros_com/src/examples/offboard/offboard_launch.cpp:[m[K In member function â€˜[01m[Kvoid OffboardControl::handleLandingState()[m[Kâ€™:
[1.593s] [01m[K/home/niweiss/ws_sensor_combined/src/px4_ros_com/src/examples/offboard/offboard_launch.cpp:164:54:[m[K [01;31m[Kerror: [m[Kâ€˜[01m[Kinitial_altitude[m[Kâ€™ was not declared in this scope
[1.593s]   164 |         publish_trajectory_setpoint(0.0, 0.0, (-1) * [01;31m[Kinitial_altitude[m[K);
[1.593s]       |                                                      [01;31m[K^~~~~~~~~~~~~~~~[m[K
[3.341s] gmake[2]: *** [CMakeFiles/offboard_launch.dir/build.make:76: CMakeFiles/offboard_launch.dir/src/examples/offboard/offboard_launch.cpp.o] Error 1
[3.342s] gmake[1]: *** [CMakeFiles/Makefile2:310: CMakeFiles/offboard_launch.dir/all] Error 2
[3.342s] gmake: *** [Makefile:146: all] Error 2
[3.343s] Invoked command in '/home/niweiss/ws_sensor_combined/build/px4_ros_com' returned '2': CMAKE_PREFIX_PATH=/home/niweiss/ws_sensor_combined/install/px4_msgs:/home/niweiss/ws_sensor_combined/install/px4_ros_com:/home/niweiss/ws_sensor_combined/install/example_mode_with_executor_cpp:/home/niweiss/ws_sensor_combined/install/example_mode_rtl_replacement_cpp:/home/niweiss/ws_sensor_combined/install/example_mode_manual_cpp:/home/niweiss/ws_sensor_combined/install/example_mode_goto_global_cpp:/home/niweiss/ws_sensor_combined/install/example_mode_goto_cpp:/home/niweiss/ws_sensor_combined/install/example_mode_fw_attitude_cpp:/home/niweiss/ws_sensor_combined/install/example_local_navigation_cpp:/home/niweiss/ws_sensor_combined/install/example_global_navigation_cpp:/home/niweiss/ws_sensor_combined/install/px4_ros2_cpp:/opt/ros/humble LD_LIBRARY_PATH=/home/niweiss/ws_sensor_combined/install/px4_msgs/lib:/home/niweiss/ws_sensor_combined/install/px4_ros_com/lib:/home/niweiss/ws_sensor_combined/install/px4_ros2_cpp/lib:/opt/ros/humble/opt/rviz_ogre_vendor/lib:/opt/ros/humble/lib/x86_64-linux-gnu:/opt/ros/humble/lib /usr/bin/cmake --build /home/niweiss/ws_sensor_combined/build/px4_ros_com -- -j16 -l16
