[35m[1mConsolidate compiler generated dependencies of target offboard_launch[0m
[ 18%] Built target sensor_combined_listener
[ 25%] Built target frame_transforms
[ 43%] Built target offboard_control
[ 50%] Built target offboard_control_srv
[ 62%] Built target debug_vect_advertiser
[ 75%] Built target vehicle_gps_position_listener
[ 75%] Built target ament_cmake_python_copy_px4_ros_com
[ 81%] [32mBuilding CXX object CMakeFiles/offboard_launch.dir/src/examples/offboard/offboard_launch.cpp.o[0m
[ 93%] Built target offboard_paths
running egg_info
writing px4_ros_com.egg-info/PKG-INFO
writing dependency_links to px4_ros_com.egg-info/dependency_links.txt
writing top-level names to px4_ros_com.egg-info/top_level.txt
reading manifest file 'px4_ros_com.egg-info/SOURCES.txt'
writing manifest file 'px4_ros_com.egg-info/SOURCES.txt'
[ 93%] Built target ament_cmake_python_build_px4_ros_com_egg
[01m[K/home/niweiss/ws_sensor_combined/src/px4_ros_com/src/examples/offboard/offboard_launch.cpp:[m[K In lambda function:
[01m[K/home/niweiss/ws_sensor_combined/src/px4_ros_com/src/examples/offboard/offboard_launch.cpp:101:41:[m[K [01;31m[Kerror: [m[Kâ€˜[01m[KhandleLandState[m[Kâ€™ was not declared in this scope; did you mean â€˜[01m[KhandleLandingState[m[Kâ€™?
  101 |                                         [01;31m[KhandleLandState[m[K();
      |                                         [01;31m[K^~~~~~~~~~~~~~~[m[K
      |                                         [32m[KhandleLandingState[m[K
[01m[K/home/niweiss/ws_sensor_combined/src/px4_ros_com/src/examples/offboard/offboard_launch.cpp:[m[K In member function â€˜[01m[Kvoid OffboardControl::handleTakeoffState()[m[Kâ€™:
[01m[K/home/niweiss/ws_sensor_combined/src/px4_ros_com/src/examples/offboard/offboard_launch.cpp:158:47:[m[K [01;31m[Kerror: [m[Kâ€˜[01m[Kinitial_altitude[m[Kâ€™ was not declared in this scope
  158 |         publish_trajectory_setpoint(0.0, 0.0, [01;31m[Kinitial_altitude[m[K);
      |                                               [01;31m[K^~~~~~~~~~~~~~~~[m[K
[01m[K/home/niweiss/ws_sensor_combined/src/px4_ros_com/src/examples/offboard/offboard_launch.cpp:[m[K In member function â€˜[01m[Kvoid OffboardControl::handleLandingState()[m[Kâ€™:
[01m[K/home/niweiss/ws_sensor_combined/src/px4_ros_com/src/examples/offboard/offboard_launch.cpp:164:54:[m[K [01;31m[Kerror: [m[Kâ€˜[01m[Kinitial_altitude[m[Kâ€™ was not declared in this scope
  164 |         publish_trajectory_setpoint(0.0, 0.0, (-1) * [01;31m[Kinitial_altitude[m[K);
      |                                                      [01;31m[K^~~~~~~~~~~~~~~~[m[K
gmake[2]: *** [CMakeFiles/offboard_launch.dir/build.make:76: CMakeFiles/offboard_launch.dir/src/examples/offboard/offboard_launch.cpp.o] Error 1
gmake[1]: *** [CMakeFiles/Makefile2:310: CMakeFiles/offboard_launch.dir/all] Error 2
gmake: *** [Makefile:146: all] Error 2
