[0.030s] Invoking command in '/home/niweiss/ws_sensor_combined/build/px4_ros_com': AMENT_PREFIX_PATH=/home/niweiss/ws_sensor_combined/install/px4_msgs:${AMENT_PREFIX_PATH} CMAKE_PREFIX_PATH=/home/niweiss/ws_sensor_combined/install/px4_msgs:/opt/ros/humble LD_LIBRARY_PATH=/home/niweiss/ws_sensor_combined/install/px4_msgs/lib:${LD_LIBRARY_PATH} PYTHONPATH=/home/niweiss/ws_sensor_combined/install/px4_msgs/local/lib/python3.10/dist-packages:${PYTHONPATH} /usr/bin/cmake --build /home/niweiss/ws_sensor_combined/build/px4_ros_com -- -j16 -l16
[0.053s] [35m[1mConsolidate compiler generated dependencies of target offboard_launch[0m
[0.059s] [ 18%] Built target sensor_combined_listener
[0.059s] [ 25%] Built target frame_transforms
[0.060s] [ 43%] Built target offboard_control
[0.060s] [ 50%] Built target offboard_control_srv
[0.061s] [ 62%] Built target debug_vect_advertiser
[0.061s] [ 75%] Built target vehicle_gps_position_listener
[0.061s] [ 75%] Built target ament_cmake_python_copy_px4_ros_com
[0.064s] [ 81%] [32mBuilding CXX object CMakeFiles/offboard_launch.dir/src/examples/offboard/offboard_launch.cpp.o[0m
[0.065s] [ 93%] Built target offboard_paths
[0.171s] running egg_info
[0.180s] writing px4_ros_com.egg-info/PKG-INFO
[0.180s] writing dependency_links to px4_ros_com.egg-info/dependency_links.txt
[0.181s] writing top-level names to px4_ros_com.egg-info/top_level.txt
[0.207s] reading manifest file 'px4_ros_com.egg-info/SOURCES.txt'
[0.207s] writing manifest file 'px4_ros_com.egg-info/SOURCES.txt'
[0.227s] [ 93%] Built target ament_cmake_python_build_px4_ros_com_egg
[1.630s] [01m[K/home/niweiss/ws_sensor_combined/src/px4_ros_com/src/examples/offboard/offboard_launch.cpp:[m[K In lambda function:
[1.630s] [01m[K/home/niweiss/ws_sensor_combined/src/px4_ros_com/src/examples/offboard/offboard_launch.cpp:101:41:[m[K [01;31m[Kerror: [m[Kâ€˜[01m[KhandleLandState[m[Kâ€™ was not declared in this scope; did you mean â€˜[01m[KhandleLandingState[m[Kâ€™?
[1.630s]   101 |                                         [01;31m[KhandleLandState[m[K();
[1.630s]       |                                         [01;31m[K^~~~~~~~~~~~~~~[m[K
[1.630s]       |                                         [32m[KhandleLandingState[m[K
[1.640s] [01m[K/home/niweiss/ws_sensor_combined/src/px4_ros_com/src/examples/offboard/offboard_launch.cpp:[m[K In member function â€˜[01m[Kvoid OffboardControl::handleTakeoffState()[m[Kâ€™:
[1.640s] [01m[K/home/niweiss/ws_sensor_combined/src/px4_ros_com/src/examples/offboard/offboard_launch.cpp:158:47:[m[K [01;31m[Kerror: [m[Kâ€˜[01m[Kinitial_altitude[m[Kâ€™ was not declared in this scope
[1.640s]   158 |         publish_trajectory_setpoint(0.0, 0.0, [01;31m[Kinitial_altitude[m[K);
[1.640s]       |                                               [01;31m[K^~~~~~~~~~~~~~~~[m[K
[1.645s] [01m[K/home/niweiss/ws_sensor_combined/src/px4_ros_com/src/examples/offboard/offboard_launch.cpp:[m[K In member function â€˜[01m[Kvoid OffboardControl::handleLandingState()[m[Kâ€™:
[1.645s] [01m[K/home/niweiss/ws_sensor_combined/src/px4_ros_com/src/examples/offboard/offboard_launch.cpp:164:54:[m[K [01;31m[Kerror: [m[Kâ€˜[01m[Kinitial_altitude[m[Kâ€™ was not declared in this scope
[1.645s]   164 |         publish_trajectory_setpoint(0.0, 0.0, (-1) * [01;31m[Kinitial_altitude[m[K);
[1.645s]       |                                                      [01;31m[K^~~~~~~~~~~~~~~~[m[K
[3.286s] gmake[2]: *** [CMakeFiles/offboard_launch.dir/build.make:76: CMakeFiles/offboard_launch.dir/src/examples/offboard/offboard_launch.cpp.o] Error 1
[3.286s] gmake[1]: *** [CMakeFiles/Makefile2:310: CMakeFiles/offboard_launch.dir/all] Error 2
[3.286s] gmake: *** [Makefile:146: all] Error 2
[3.288s] Invoked command in '/home/niweiss/ws_sensor_combined/build/px4_ros_com' returned '2': AMENT_PREFIX_PATH=/home/niweiss/ws_sensor_combined/install/px4_msgs:${AMENT_PREFIX_PATH} CMAKE_PREFIX_PATH=/home/niweiss/ws_sensor_combined/install/px4_msgs:/opt/ros/humble LD_LIBRARY_PATH=/home/niweiss/ws_sensor_combined/install/px4_msgs/lib:${LD_LIBRARY_PATH} PYTHONPATH=/home/niweiss/ws_sensor_combined/install/px4_msgs/local/lib/python3.10/dist-packages:${PYTHONPATH} /usr/bin/cmake --build /home/niweiss/ws_sensor_combined/build/px4_ros_com -- -j16 -l16
