[35m[1mConsolidate compiler generated dependencies of target frame_transforms[0m
[35m[1mConsolidate compiler generated dependencies of target offboard_control_srv[0m
[35m[1mConsolidate compiler generated dependencies of target vehicle_gps_position_listener[0m
[35m[1mConsolidate compiler generated dependencies of target offboard_control[0m
[35m[1mConsolidate compiler generated dependencies of target flight_state_pub[0m
[ 11%] Built target frame_transforms
[35m[1mConsolidate compiler generated dependencies of target debug_vect_advertiser[0m
[ 11%] Built target ament_cmake_python_copy_px4_ros_com
[ 22%] Built target offboard_control_srv
[ 33%] Built target offboard_control
[35m[1mConsolidate compiler generated dependencies of target sensor_combined_listener[0m
[ 44%] Built target vehicle_gps_position_listener
[35m[1mConsolidate compiler generated dependencies of target offboard_paths[0m
[35m[1mConsolidate compiler generated dependencies of target offboard_launch[0m
[ 55%] Built target flight_state_pub
[ 66%] Built target debug_vect_advertiser
[ 77%] Built target sensor_combined_listener
[ 88%] Built target offboard_paths
[ 94%] [32mBuilding CXX object CMakeFiles/offboard_launch.dir/src/examples/offboard/offboard_launch.cpp.o[0m
running egg_info
writing px4_ros_com.egg-info/PKG-INFO
writing dependency_links to px4_ros_com.egg-info/dependency_links.txt
writing top-level names to px4_ros_com.egg-info/top_level.txt
reading manifest file 'px4_ros_com.egg-info/SOURCES.txt'
writing manifest file 'px4_ros_com.egg-info/SOURCES.txt'
[ 94%] Built target ament_cmake_python_build_px4_ros_com_egg
[01m[K/home/niweiss/CPE-Capstone-2024-2025/ws_sensor_combined/src/px4_ros_com/src/examples/offboard/offboard_launch.cpp:[m[K In member function â€˜[01m[Kvoid OffboardControl::flightCommandCallback(custom_msgs::msg::FlightCommand)[m[Kâ€™:
[01m[K/home/niweiss/CPE-Capstone-2024-2025/ws_sensor_combined/src/px4_ros_com/src/examples/offboard/offboard_launch.cpp:604:36:[m[K [01;31m[Kerror: [m[Kâ€˜[01m[Kconst FlightCommand[m[Kâ€™ {aka â€˜[01m[Kconst struct custom_msgs::msg::FlightCommand_<std::allocator<void> >[m[Kâ€™} has no member named â€˜[01m[Klongitude_deg[m[Kâ€™
  604 |                  target_lon_ = msg.[01;31m[Klongitude_deg[m[K;
      |                                    [01;31m[K^~~~~~~~~~~~~[m[K
[01m[K/home/niweiss/CPE-Capstone-2024-2025/ws_sensor_combined/src/px4_ros_com/src/examples/offboard/offboard_launch.cpp:605:36:[m[K [01;31m[Kerror: [m[Kâ€˜[01m[Kconst FlightCommand[m[Kâ€™ {aka â€˜[01m[Kconst struct custom_msgs::msg::FlightCommand_<std::allocator<void> >[m[Kâ€™} has no member named â€˜[01m[Klatitude_deg[m[Kâ€™
  605 |                  target_lat_ = msg.[01;31m[Klatitude_deg[m[K;
      |                                    [01;31m[K^~~~~~~~~~~~[m[K
[01m[K/home/niweiss/CPE-Capstone-2024-2025/ws_sensor_combined/src/px4_ros_com/src/examples/offboard/offboard_launch.cpp:609:64:[m[K [01;31m[Kerror: [m[Kâ€˜[01m[Kconst FlightCommand[m[Kâ€™ {aka â€˜[01m[Kconst struct custom_msgs::msg::FlightCommand_<std::allocator<void> >[m[Kâ€™} has no member named â€˜[01m[Kwaypoint_type[m[Kâ€™
  609 |                  current_state_ = static_cast<FlightState>(msg.[01;31m[Kwaypoint_type[m[K);
      |                                                                [01;31m[K^~~~~~~~~~~~~[m[K
gmake[2]: *** [CMakeFiles/offboard_launch.dir/build.make:76: CMakeFiles/offboard_launch.dir/src/examples/offboard/offboard_launch.cpp.o] Error 1
gmake[1]: *** [CMakeFiles/Makefile2:312: CMakeFiles/offboard_launch.dir/all] Error 2
gmake: *** [Makefile:146: all] Error 2
