[01m[K/home/niweiss/CPE-Capstone-2024-2025/ws_sensor_combined/src/px4_ros_com/src/examples/offboard/gui_command_pub.cpp:28:53:[m[K [01;31m[Kerror: [m[Ktemplate argument 1 is invalid
   28 |     rclcpp::Publisher<custom_msgs:msg::FlightCommand[01;31m[K>[m[K::SharedPtr publisher_;
      |                                                     [01;31m[K^[m[K
[01m[K/home/niweiss/CPE-Capstone-2024-2025/ws_sensor_combined/src/px4_ros_com/src/examples/offboard/gui_command_pub.cpp:28:56:[m[K [01;31m[Kerror: [m[Kexpected â€˜[01m[K;[m[Kâ€™ at end of member declaration
   28 |     rclcpp::Publisher<custom_msgs:msg::FlightCommand>::[01;31m[KSharedPtr[m[K publisher_;
      |                                                        [01;31m[K^~~~~~~~~[m[K
      |                                                                 [32m[K;[m[K
[01m[K/home/niweiss/CPE-Capstone-2024-2025/ws_sensor_combined/src/px4_ros_com/src/examples/offboard/gui_command_pub.cpp:28:66:[m[K [01;31m[Kerror: [m[Kâ€˜[01m[Kpublisher_[m[Kâ€™ does not name a type; did you mean â€˜[01m[Krmw_publisher_t[m[Kâ€™?
   28 |     rclcpp::Publisher<custom_msgs:msg::FlightCommand>::SharedPtr [01;31m[Kpublisher_[m[K;
      |                                                                  [01;31m[K^~~~~~~~~~[m[K
      |                                                                  [32m[Krmw_publisher_t[m[K
[01m[K/home/niweiss/CPE-Capstone-2024-2025/ws_sensor_combined/src/px4_ros_com/src/examples/offboard/gui_command_pub.cpp:[m[K In constructor â€˜[01m[KCommandPublisher::CommandPublisher(int)[m[Kâ€™:
[01m[K/home/niweiss/CPE-Capstone-2024-2025/ws_sensor_combined/src/px4_ros_com/src/examples/offboard/gui_command_pub.cpp:11:9:[m[K [01;31m[Kerror: [m[Kâ€˜[01m[Kpublisher_[m[Kâ€™ was not declared in this scope; did you mean â€˜[01m[Krmw_publisher_t[m[Kâ€™?
   11 |         [01;31m[Kpublisher_[m[K = this->create_publisher<custom_msgs::msg::FlightCommand>("flight_command", 10);
      |         [01;31m[K^~~~~~~~~~[m[K
      |         [32m[Krmw_publisher_t[m[K
gmake[2]: *** [CMakeFiles/gui_command_pub.dir/build.make:76: CMakeFiles/gui_command_pub.dir/src/examples/offboard/gui_command_pub.cpp.o] Error 1
gmake[1]: *** [CMakeFiles/Makefile2:366: CMakeFiles/gui_command_pub.dir/all] Error 2
gmake: *** [Makefile:146: all] Error 2
