[0.240s] Invoking command in '/home/niweiss/CPE-Capstone-2024-2025/ws_sensor_combined/build/px4_ros_com': CMAKE_PREFIX_PATH=/home/niweiss/CPE-Capstone-2024-2025/ws_sensor_combined/install/px4_msgs:/home/niweiss/CPE-Capstone-2024-2025/ws_sensor_combined/install/custom_msgs:/home/niweiss/CPE-Capstone-2024-2025/ws_sensor_combined/install/px4_ros_com:/home/niweiss/ws_sensor_combined/install/example_mode_with_executor_cpp:/home/niweiss/ws_sensor_combined/install/example_mode_rtl_replacement_cpp:/home/niweiss/ws_sensor_combined/install/example_mode_manual_cpp:/home/niweiss/ws_sensor_combined/install/example_mode_goto_global_cpp:/home/niweiss/ws_sensor_combined/install/example_mode_goto_cpp:/home/niweiss/ws_sensor_combined/install/example_mode_fw_attitude_cpp:/home/niweiss/ws_sensor_combined/install/example_local_navigation_cpp:/home/niweiss/ws_sensor_combined/install/example_global_navigation_cpp:/home/niweiss/ws_sensor_combined/install/px4_ros2_cpp:/home/niweiss/ws_sensor_combined/install/px4_msgs:/home/niweiss/ws_sensor_combined/install/custom_msgs:/home/niweiss/ws_sensor_combined/install/px4_ros_com:/opt/ros/humble LD_LIBRARY_PATH=/home/niweiss/CPE-Capstone-2024-2025/ws_sensor_combined/install/px4_msgs/lib:/home/niweiss/CPE-Capstone-2024-2025/ws_sensor_combined/install/custom_msgs/lib:/home/niweiss/CPE-Capstone-2024-2025/ws_sensor_combined/install/px4_ros_com/lib:/home/niweiss/ws_sensor_combined/install/px4_ros_com/lib:/home/niweiss/ws_sensor_combined/install/px4_ros2_cpp/lib:/home/niweiss/ws_sensor_combined/install/px4_msgs/lib:/home/niweiss/ws_sensor_combined/install/custom_msgs/lib:/opt/ros/humble/opt/rviz_ogre_vendor/lib:/opt/ros/humble/lib/x86_64-linux-gnu:/opt/ros/humble/lib /usr/bin/cmake --build /home/niweiss/CPE-Capstone-2024-2025/ws_sensor_combined/build/px4_ros_com -- -j16 -l16
[0.296s] [35m[1mConsolidate compiler generated dependencies of target gui_command_pub[0m
[0.299s] [ 10%] Built target frame_transforms
[0.305s] [ 10%] Built target ament_cmake_python_copy_px4_ros_com
[0.305s] [ 20%] Built target offboard_control
[0.306s] [ 40%] Built target sensor_combined_listener
[0.306s] [ 35%] Built target offboard_launch
[0.308s] [ 50%] Built target flight_state_pub
[0.309s] [ 60%] Built target debug_vect_advertiser
[0.312s] [ 70%] Built target offboard_control_srv
[0.314s] [ 80%] Built target offboard_paths
[0.315s] [ 90%] Built target vehicle_gps_position_listener
[0.316s] [ 95%] [32mBuilding CXX object CMakeFiles/gui_command_pub.dir/src/examples/offboard/gui_command_pub.cpp.o[0m
[0.603s] running egg_info
[0.625s] writing px4_ros_com.egg-info/PKG-INFO
[0.625s] writing dependency_links to px4_ros_com.egg-info/dependency_links.txt
[0.626s] writing top-level names to px4_ros_com.egg-info/top_level.txt
[0.682s] reading manifest file 'px4_ros_com.egg-info/SOURCES.txt'
[0.683s] writing manifest file 'px4_ros_com.egg-info/SOURCES.txt'
[0.725s] [ 95%] Built target ament_cmake_python_build_px4_ros_com_egg
[4.271s] [01m[K/home/niweiss/CPE-Capstone-2024-2025/ws_sensor_combined/src/px4_ros_com/src/examples/offboard/gui_command_pub.cpp:28:53:[m[K [01;31m[Kerror: [m[Ktemplate argument 1 is invalid
[4.271s]    28 |     rclcpp::Publisher<custom_msgs:msg::FlightCommand[01;31m[K>[m[K::SharedPtr publisher_;
[4.271s]       |                                                     [01;31m[K^[m[K
[4.271s] [01m[K/home/niweiss/CPE-Capstone-2024-2025/ws_sensor_combined/src/px4_ros_com/src/examples/offboard/gui_command_pub.cpp:28:56:[m[K [01;31m[Kerror: [m[Kexpected â€˜[01m[K;[m[Kâ€™ at end of member declaration
[4.271s]    28 |     rclcpp::Publisher<custom_msgs:msg::FlightCommand>::[01;31m[KSharedPtr[m[K publisher_;
[4.271s]       |                                                        [01;31m[K^~~~~~~~~[m[K
[4.272s]       |                                                                 [32m[K;[m[K
[4.273s] [01m[K/home/niweiss/CPE-Capstone-2024-2025/ws_sensor_combined/src/px4_ros_com/src/examples/offboard/gui_command_pub.cpp:28:66:[m[K [01;31m[Kerror: [m[Kâ€˜[01m[Kpublisher_[m[Kâ€™ does not name a type; did you mean â€˜[01m[Krmw_publisher_t[m[Kâ€™?
[4.273s]    28 |     rclcpp::Publisher<custom_msgs:msg::FlightCommand>::SharedPtr [01;31m[Kpublisher_[m[K;
[4.273s]       |                                                                  [01;31m[K^~~~~~~~~~[m[K
[4.273s]       |                                                                  [32m[Krmw_publisher_t[m[K
[4.288s] [01m[K/home/niweiss/CPE-Capstone-2024-2025/ws_sensor_combined/src/px4_ros_com/src/examples/offboard/gui_command_pub.cpp:[m[K In constructor â€˜[01m[KCommandPublisher::CommandPublisher(int)[m[Kâ€™:
[4.289s] [01m[K/home/niweiss/CPE-Capstone-2024-2025/ws_sensor_combined/src/px4_ros_com/src/examples/offboard/gui_command_pub.cpp:11:9:[m[K [01;31m[Kerror: [m[Kâ€˜[01m[Kpublisher_[m[Kâ€™ was not declared in this scope; did you mean â€˜[01m[Krmw_publisher_t[m[Kâ€™?
[4.289s]    11 |         [01;31m[Kpublisher_[m[K = this->create_publisher<custom_msgs::msg::FlightCommand>("flight_command", 10);
[4.289s]       |         [01;31m[K^~~~~~~~~~[m[K
[4.289s]       |         [32m[Krmw_publisher_t[m[K
[5.500s] gmake[2]: *** [CMakeFiles/gui_command_pub.dir/build.make:76: CMakeFiles/gui_command_pub.dir/src/examples/offboard/gui_command_pub.cpp.o] Error 1
[5.501s] gmake[1]: *** [CMakeFiles/Makefile2:366: CMakeFiles/gui_command_pub.dir/all] Error 2
[5.501s] gmake: *** [Makefile:146: all] Error 2
[5.507s] Invoked command in '/home/niweiss/CPE-Capstone-2024-2025/ws_sensor_combined/build/px4_ros_com' returned '2': CMAKE_PREFIX_PATH=/home/niweiss/CPE-Capstone-2024-2025/ws_sensor_combined/install/px4_msgs:/home/niweiss/CPE-Capstone-2024-2025/ws_sensor_combined/install/custom_msgs:/home/niweiss/CPE-Capstone-2024-2025/ws_sensor_combined/install/px4_ros_com:/home/niweiss/ws_sensor_combined/install/example_mode_with_executor_cpp:/home/niweiss/ws_sensor_combined/install/example_mode_rtl_replacement_cpp:/home/niweiss/ws_sensor_combined/install/example_mode_manual_cpp:/home/niweiss/ws_sensor_combined/install/example_mode_goto_global_cpp:/home/niweiss/ws_sensor_combined/install/example_mode_goto_cpp:/home/niweiss/ws_sensor_combined/install/example_mode_fw_attitude_cpp:/home/niweiss/ws_sensor_combined/install/example_local_navigation_cpp:/home/niweiss/ws_sensor_combined/install/example_global_navigation_cpp:/home/niweiss/ws_sensor_combined/install/px4_ros2_cpp:/home/niweiss/ws_sensor_combined/install/px4_msgs:/home/niweiss/ws_sensor_combined/install/custom_msgs:/home/niweiss/ws_sensor_combined/install/px4_ros_com:/opt/ros/humble LD_LIBRARY_PATH=/home/niweiss/CPE-Capstone-2024-2025/ws_sensor_combined/install/px4_msgs/lib:/home/niweiss/CPE-Capstone-2024-2025/ws_sensor_combined/install/custom_msgs/lib:/home/niweiss/CPE-Capstone-2024-2025/ws_sensor_combined/install/px4_ros_com/lib:/home/niweiss/ws_sensor_combined/install/px4_ros_com/lib:/home/niweiss/ws_sensor_combined/install/px4_ros2_cpp/lib:/home/niweiss/ws_sensor_combined/install/px4_msgs/lib:/home/niweiss/ws_sensor_combined/install/custom_msgs/lib:/opt/ros/humble/opt/rviz_ogre_vendor/lib:/opt/ros/humble/lib/x86_64-linux-gnu:/opt/ros/humble/lib /usr/bin/cmake --build /home/niweiss/CPE-Capstone-2024-2025/ws_sensor_combined/build/px4_ros_com -- -j16 -l16
