[0.122s] Invoking command in '/home/niweiss/CPE-Capstone-2024-2025/ws_sensor_combined/build/px4_ros_com': CMAKE_PREFIX_PATH=/home/niweiss/CPE-Capstone-2024-2025/ws_sensor_combined/install/px4_msgs:/home/niweiss/CPE-Capstone-2024-2025/ws_sensor_combined/install/custom_msgs:/home/niweiss/CPE-Capstone-2024-2025/ws_sensor_combined/install/px4_ros_com:/home/niweiss/ws_sensor_combined/install/example_mode_with_executor_cpp:/home/niweiss/ws_sensor_combined/install/example_mode_rtl_replacement_cpp:/home/niweiss/ws_sensor_combined/install/example_mode_manual_cpp:/home/niweiss/ws_sensor_combined/install/example_mode_goto_global_cpp:/home/niweiss/ws_sensor_combined/install/example_mode_goto_cpp:/home/niweiss/ws_sensor_combined/install/example_mode_fw_attitude_cpp:/home/niweiss/ws_sensor_combined/install/example_local_navigation_cpp:/home/niweiss/ws_sensor_combined/install/example_global_navigation_cpp:/home/niweiss/ws_sensor_combined/install/px4_ros2_cpp:/home/niweiss/ws_sensor_combined/install/px4_msgs:/home/niweiss/ws_sensor_combined/install/custom_msgs:/home/niweiss/ws_sensor_combined/install/px4_ros_com:/opt/ros/humble LD_LIBRARY_PATH=/home/niweiss/CPE-Capstone-2024-2025/ws_sensor_combined/install/px4_msgs/lib:/home/niweiss/CPE-Capstone-2024-2025/ws_sensor_combined/install/custom_msgs/lib:/home/niweiss/CPE-Capstone-2024-2025/ws_sensor_combined/install/px4_ros_com/lib:/home/niweiss/ws_sensor_combined/install/px4_ros_com/lib:/home/niweiss/ws_sensor_combined/install/px4_ros2_cpp/lib:/home/niweiss/ws_sensor_combined/install/px4_msgs/lib:/home/niweiss/ws_sensor_combined/install/custom_msgs/lib:/opt/ros/humble/opt/rviz_ogre_vendor/lib:/opt/ros/humble/lib/x86_64-linux-gnu:/opt/ros/humble/lib /usr/bin/cmake --build /home/niweiss/CPE-Capstone-2024-2025/ws_sensor_combined/build/px4_ros_com -- -j16 -l16
[0.147s] -- Found ament_cmake: 1.3.11 (/opt/ros/humble/share/ament_cmake/cmake)
[0.302s] -- Found builtin_interfaces: 1.2.1 (/opt/ros/humble/share/builtin_interfaces/cmake)
[0.466s] -- Found rosidl_generator_c: 3.1.6 (/opt/ros/humble/share/rosidl_generator_c/cmake)
[0.469s] -- Found rosidl_adapter: 3.1.6 (/opt/ros/humble/share/rosidl_adapter/cmake)
[0.476s] -- Found rosidl_generator_cpp: 3.1.6 (/opt/ros/humble/share/rosidl_generator_cpp/cmake)
[0.486s] -- Using all available rosidl_typesupport_c: rosidl_typesupport_fastrtps_c;rosidl_typesupport_introspection_c
[0.498s] -- Using all available rosidl_typesupport_cpp: rosidl_typesupport_fastrtps_cpp;rosidl_typesupport_introspection_cpp
[0.522s] -- Found eigen3_cmake_module: 0.1.1 (/opt/ros/humble/share/eigen3_cmake_module/cmake)
[0.526s] -- Found geometry_msgs: 4.2.4 (/opt/ros/humble/share/geometry_msgs/cmake)
[0.567s] -- Found px4_msgs: 2.0.1 (/home/niweiss/CPE-Capstone-2024-2025/ws_sensor_combined/install/px4_msgs/share/px4_msgs/cmake)
[0.582s] -- Found rclcpp: 16.0.11 (/opt/ros/humble/share/rclcpp/cmake)
[0.632s] -- Found rmw_implementation_cmake: 6.1.2 (/opt/ros/humble/share/rmw_implementation_cmake/cmake)
[0.637s] -- Found rmw_fastrtps_cpp: 6.2.7 (/opt/ros/humble/share/rmw_fastrtps_cpp/cmake)
[6.415s] -- Using RMW implementation 'rmw_fastrtps_cpp' as default
[6.495s] -- Found sensor_msgs: 4.2.4 (/opt/ros/humble/share/sensor_msgs/cmake)
[6.522s] -- Found rclpy: 3.3.15 (/opt/ros/humble/share/rclpy/cmake)
[6.523s] -- Found custom_msgs: 0.0.0 (/home/niweiss/CPE-Capstone-2024-2025/ws_sensor_combined/install/custom_msgs/share/custom_msgs/cmake)
[6.548s] -- Found ament_lint_auto: 0.12.11 (/opt/ros/humble/share/ament_lint_auto/cmake)
[6.645s] -- Added test 'copyright' to check source files copyright and LICENSE
[6.646s] -- Added test 'cppcheck' to perform static code analysis on C / C++ code
[6.647s] -- Configured cppcheck include dirs: /home/niweiss/CPE-Capstone-2024-2025/ws_sensor_combined/src/px4_ros_com/include;$<BUILD_INTERFACE:/home/niweiss/CPE-Capstone-2024-2025/ws_sensor_combined/src/px4_ros_com/include/px4_ros_com>
[6.647s] -- Configured cppcheck exclude dirs and/or files: 
[6.649s] -- Added test 'cpplint' to check C / C++ code against the Google style
[6.649s] -- Configured cpplint exclude dirs and/or files: 
[6.649s] -- Added test 'flake8' to check Python code syntax and style conventions
[6.650s] -- Added test 'lint_cmake' to check CMake code style
[6.650s] -- Added test 'pep257' to check Python code against some of the docstring style conventions in PEP 257
[6.652s] -- Added test 'uncrustify' to check C / C++ code style
[6.652s] -- Configured uncrustify additional arguments: 
[6.652s] -- Added test 'xmllint' to check XML markup files
[6.654s] -- Configuring done
[6.706s] -- Generating done
[6.729s] -- Build files have been written to: /home/niweiss/CPE-Capstone-2024-2025/ws_sensor_combined/build/px4_ros_com
[6.765s] [35m[1mConsolidate compiler generated dependencies of target flight_state_pub[0m
[6.765s] [35m[1mConsolidate compiler generated dependencies of target sensor_combined_listener[0m
[6.765s] [35m[1mConsolidate compiler generated dependencies of target offboard_control_srv[0m
[6.765s] [35m[1mConsolidate compiler generated dependencies of target vehicle_gps_position_listener[0m
[6.765s] [35m[1mConsolidate compiler generated dependencies of target offboard_control[0m
[6.765s] [35m[1mConsolidate compiler generated dependencies of target debug_vect_advertiser[0m
[6.766s] [35m[1mConsolidate compiler generated dependencies of target frame_transforms[0m
[6.768s] [35m[1mConsolidate compiler generated dependencies of target offboard_paths[0m
[6.777s] [35m[1mConsolidate compiler generated dependencies of target offboard_launch[0m
[6.780s] [  5%] [32mBuilding CXX object CMakeFiles/gui_command_pub.dir/src/examples/offboard/gui_command_pub.cpp.o[0m
[6.788s] [  5%] Built target ament_cmake_python_copy_px4_ros_com
[6.790s] [ 15%] Built target sensor_combined_listener
[6.791s] [ 25%] Built target flight_state_pub
[6.792s] [ 35%] Built target frame_transforms
[6.795s] [ 45%] Built target vehicle_gps_position_listener
[6.796s] [ 65%] Built target offboard_control
[6.796s] [ 65%] Built target offboard_paths
[6.796s] [ 75%] Built target offboard_control_srv
[6.802s] [ 85%] Built target debug_vect_advertiser
[6.804s] [ 95%] Built target offboard_launch
[7.115s] running egg_info
[7.144s] writing px4_ros_com.egg-info/PKG-INFO
[7.146s] writing dependency_links to px4_ros_com.egg-info/dependency_links.txt
[7.146s] writing top-level names to px4_ros_com.egg-info/top_level.txt
[7.222s] reading manifest file 'px4_ros_com.egg-info/SOURCES.txt'
[7.223s] writing manifest file 'px4_ros_com.egg-info/SOURCES.txt'
[7.269s] [ 95%] Built target ament_cmake_python_build_px4_ros_com_egg
[9.897s] [01m[K/home/niweiss/CPE-Capstone-2024-2025/ws_sensor_combined/src/px4_ros_com/src/examples/offboard/gui_command_pub.cpp:28:53:[m[K [01;31m[Kerror: [m[Ktemplate argument 1 is invalid
[9.898s]    28 |     rclcpp::Publisher<custom_msgs:msg::FlightCommand[01;31m[K>[m[K::SharedPtr publisher_;
[9.898s]       |                                                     [01;31m[K^[m[K
[9.906s] [01m[K/home/niweiss/CPE-Capstone-2024-2025/ws_sensor_combined/src/px4_ros_com/src/examples/offboard/gui_command_pub.cpp:28:56:[m[K [01;31m[Kerror: [m[Kexpected â€˜[01m[K;[m[Kâ€™ at end of member declaration
[9.906s]    28 |     rclcpp::Publisher<custom_msgs:msg::FlightCommand>::[01;31m[KSharedPtr[m[K publisher_;
[9.906s]       |                                                        [01;31m[K^~~~~~~~~[m[K
[9.906s]       |                                                                 [32m[K;[m[K
[9.909s] [01m[K/home/niweiss/CPE-Capstone-2024-2025/ws_sensor_combined/src/px4_ros_com/src/examples/offboard/gui_command_pub.cpp:28:66:[m[K [01;31m[Kerror: [m[Kâ€˜[01m[Kpublisher_[m[Kâ€™ does not name a type; did you mean â€˜[01m[Krmw_publisher_t[m[Kâ€™?
[9.909s]    28 |     rclcpp::Publisher<custom_msgs:msg::FlightCommand>::SharedPtr [01;31m[Kpublisher_[m[K;
[9.909s]       |                                                                  [01;31m[K^~~~~~~~~~[m[K
[9.909s]       |                                                                  [32m[Krmw_publisher_t[m[K
[9.916s] [01m[K/home/niweiss/CPE-Capstone-2024-2025/ws_sensor_combined/src/px4_ros_com/src/examples/offboard/gui_command_pub.cpp:[m[K In constructor â€˜[01m[KCommandPublisher::CommandPublisher(int)[m[Kâ€™:
[9.916s] [01m[K/home/niweiss/CPE-Capstone-2024-2025/ws_sensor_combined/src/px4_ros_com/src/examples/offboard/gui_command_pub.cpp:11:9:[m[K [01;31m[Kerror: [m[Kâ€˜[01m[Kpublisher_[m[Kâ€™ was not declared in this scope; did you mean â€˜[01m[Krmw_publisher_t[m[Kâ€™?
[9.917s]    11 |         [01;31m[Kpublisher_[m[K = this->create_publisher<>("flight_command", 10);
[9.917s]       |         [01;31m[K^~~~~~~~~~[m[K
[9.917s]       |         [32m[Krmw_publisher_t[m[K
[9.917s] [01m[K/home/niweiss/CPE-Capstone-2024-2025/ws_sensor_combined/src/px4_ros_com/src/examples/offboard/gui_command_pub.cpp:11:46:[m[K [01;31m[Kerror: [m[Kno matching function for call to â€˜[01m[KCommandPublisher::create_publisher(const char [15], int)[m[Kâ€™
[9.917s]    11 |         publisher_ = [01;31m[Kthis->create_publisher<>("flight_command", 10)[m[K;
[9.917s]       |                      [01;31m[K~~~~~~~~~~~~~~~~~~~~~~~~^~~~~~~~~~~~~~~~~~~~~~[m[K
[9.917s] In file included from [01m[K/opt/ros/humble/include/rclcpp/rclcpp/executors/single_threaded_executor.hpp:28[m[K,
[9.917s]                  from [01m[K/opt/ros/humble/include/rclcpp/rclcpp/executors.hpp:22[m[K,
[9.917s]                  from [01m[K/opt/ros/humble/include/rclcpp/rclcpp/rclcpp.hpp:155[m[K,
[9.917s]                  from [01m[K/home/niweiss/CPE-Capstone-2024-2025/ws_sensor_combined/src/px4_ros_com/src/examples/offboard/gui_command_pub.cpp:1[m[K:
[9.917s] [01m[K/opt/ros/humble/include/rclcpp/rclcpp/node.hpp:195:3:[m[K [01;36m[Knote: [m[Kcandidate: â€˜[01m[Ktemplate<class MessageT, class AllocatorT, class PublisherT> std::shared_ptr<PublisherT> rclcpp::Node::create_publisher(const string&, const rclcpp::QoS&, const rclcpp::PublisherOptionsWithAllocator<AllocatorT>&)[m[Kâ€™
[9.917s]   195 |   [01;36m[Kcreate_publisher[m[K(
[9.917s]       |   [01;36m[K^~~~~~~~~~~~~~~~[m[K
[9.917s] [01m[K/opt/ros/humble/include/rclcpp/rclcpp/node.hpp:195:3:[m[K [01;36m[Knote: [m[K  template argument deduction/substitution failed:
[9.917s] [01m[K/home/niweiss/CPE-Capstone-2024-2025/ws_sensor_combined/src/px4_ros_com/src/examples/offboard/gui_command_pub.cpp:11:46:[m[K [01;36m[Knote: [m[K  couldnâ€™t deduce template parameter â€˜[01m[KMessageT[m[Kâ€™
[9.917s]    11 |         publisher_ = [01;36m[Kthis->create_publisher<>("flight_command", 10)[m[K;
[9.917s]       |                      [01;36m[K~~~~~~~~~~~~~~~~~~~~~~~~^~~~~~~~~~~~~~~~~~~~~~[m[K
[9.925s] [01m[K/home/niweiss/CPE-Capstone-2024-2025/ws_sensor_combined/src/px4_ros_com/src/examples/offboard/gui_command_pub.cpp:[m[K In function â€˜[01m[Kint main(int, char**)[m[Kâ€™:
[9.925s] [01m[K/home/niweiss/CPE-Capstone-2024-2025/ws_sensor_combined/src/px4_ros_com/src/examples/offboard/gui_command_pub.cpp:51:34:[m[K [01;31m[Kerror: [m[Kâ€˜[01m[KStatePublisher[m[Kâ€™ was not declared in this scope; did you mean â€˜[01m[KCommandPublisher[m[Kâ€™?
[9.925s]    51 |     auto node = std::make_shared<[01;31m[KStatePublisher[m[K>(state);
[9.925s]       |                                  [01;31m[K^~~~~~~~~~~~~~[m[K
[9.925s]       |                                  [32m[KCommandPublisher[m[K
[9.925s] [01m[K/home/niweiss/CPE-Capstone-2024-2025/ws_sensor_combined/src/px4_ros_com/src/examples/offboard/gui_command_pub.cpp:51:49:[m[K [01;31m[Kerror: [m[Kno matching function for call to â€˜[01m[Kmake_shared<<expression error> >(int&)[m[Kâ€™
[9.926s]    51 |     auto node = [01;31m[Kstd::make_shared<StatePublisher>(state)[m[K;
[9.926s]       |                 [01;31m[K~~~~~~~~~~~~~~~~~~~~~~~~~~~~~~~~^~~~~~~[m[K
[9.926s] In file included from [01m[K/usr/include/c++/11/memory:77[m[K,
[9.926s]                  from [01m[K/opt/ros/humble/include/rclcpp/rclcpp/rclcpp.hpp:153[m[K,
[9.926s]                  from [01m[K/home/niweiss/CPE-Capstone-2024-2025/ws_sensor_combined/src/px4_ros_com/src/examples/offboard/gui_command_pub.cpp:1[m[K:
[9.926s] [01m[K/usr/include/c++/11/bits/shared_ptr.h:875:5:[m[K [01;36m[Knote: [m[Kcandidate: â€˜[01m[Ktemplate<class _Tp, class ... _Args> std::shared_ptr<_Tp> std::make_shared(_Args&& ...)[m[Kâ€™
[9.926s]   875 |     [01;36m[Kmake_shared[m[K(_Args&&... __args)
[9.926s]       |     [01;36m[K^~~~~~~~~~~[m[K
[9.927s] [01m[K/usr/include/c++/11/bits/shared_ptr.h:875:5:[m[K [01;36m[Knote: [m[K  template argument deduction/substitution failed:
[9.927s] [01m[K/home/niweiss/CPE-Capstone-2024-2025/ws_sensor_combined/src/px4_ros_com/src/examples/offboard/gui_command_pub.cpp:51:49:[m[K [01;31m[Kerror: [m[Ktemplate argument 1 is invalid
[9.927s]    51 |     auto node = [01;31m[Kstd::make_shared<StatePublisher>(state)[m[K;
[9.927s]       |                 [01;31m[K~~~~~~~~~~~~~~~~~~~~~~~~~~~~~~~~^~~~~~~[m[K
[10.461s] gmake[2]: *** [CMakeFiles/gui_command_pub.dir/build.make:76: CMakeFiles/gui_command_pub.dir/src/examples/offboard/gui_command_pub.cpp.o] Error 1
[10.461s] gmake[1]: *** [CMakeFiles/Makefile2:366: CMakeFiles/gui_command_pub.dir/all] Error 2
[10.461s] gmake: *** [Makefile:146: all] Error 2
[10.465s] Invoked command in '/home/niweiss/CPE-Capstone-2024-2025/ws_sensor_combined/build/px4_ros_com' returned '2': CMAKE_PREFIX_PATH=/home/niweiss/CPE-Capstone-2024-2025/ws_sensor_combined/install/px4_msgs:/home/niweiss/CPE-Capstone-2024-2025/ws_sensor_combined/install/custom_msgs:/home/niweiss/CPE-Capstone-2024-2025/ws_sensor_combined/install/px4_ros_com:/home/niweiss/ws_sensor_combined/install/example_mode_with_executor_cpp:/home/niweiss/ws_sensor_combined/install/example_mode_rtl_replacement_cpp:/home/niweiss/ws_sensor_combined/install/example_mode_manual_cpp:/home/niweiss/ws_sensor_combined/install/example_mode_goto_global_cpp:/home/niweiss/ws_sensor_combined/install/example_mode_goto_cpp:/home/niweiss/ws_sensor_combined/install/example_mode_fw_attitude_cpp:/home/niweiss/ws_sensor_combined/install/example_local_navigation_cpp:/home/niweiss/ws_sensor_combined/install/example_global_navigation_cpp:/home/niweiss/ws_sensor_combined/install/px4_ros2_cpp:/home/niweiss/ws_sensor_combined/install/px4_msgs:/home/niweiss/ws_sensor_combined/install/custom_msgs:/home/niweiss/ws_sensor_combined/install/px4_ros_com:/opt/ros/humble LD_LIBRARY_PATH=/home/niweiss/CPE-Capstone-2024-2025/ws_sensor_combined/install/px4_msgs/lib:/home/niweiss/CPE-Capstone-2024-2025/ws_sensor_combined/install/custom_msgs/lib:/home/niweiss/CPE-Capstone-2024-2025/ws_sensor_combined/install/px4_ros_com/lib:/home/niweiss/ws_sensor_combined/install/px4_ros_com/lib:/home/niweiss/ws_sensor_combined/install/px4_ros2_cpp/lib:/home/niweiss/ws_sensor_combined/install/px4_msgs/lib:/home/niweiss/ws_sensor_combined/install/custom_msgs/lib:/opt/ros/humble/opt/rviz_ogre_vendor/lib:/opt/ros/humble/lib/x86_64-linux-gnu:/opt/ros/humble/lib /usr/bin/cmake --build /home/niweiss/CPE-Capstone-2024-2025/ws_sensor_combined/build/px4_ros_com -- -j16 -l16
