[0.035s] Invoking command in '/home/niweiss/ws_sensor_combined/build/px4_ros_com': AMENT_PREFIX_PATH=/home/niweiss/ws_sensor_combined/install/px4_msgs:${AMENT_PREFIX_PATH} CMAKE_PREFIX_PATH=/home/niweiss/ws_sensor_combined/install/px4_msgs:/opt/ros/humble LD_LIBRARY_PATH=/home/niweiss/ws_sensor_combined/install/px4_msgs/lib:${LD_LIBRARY_PATH} PYTHONPATH=/home/niweiss/ws_sensor_combined/install/px4_msgs/local/lib/python3.10/dist-packages:${PYTHONPATH} /usr/bin/cmake --build /home/niweiss/ws_sensor_combined/build/px4_ros_com -- -j16 -l16
[0.066s] -- Found ament_cmake: 1.3.10 (/opt/ros/humble/share/ament_cmake/cmake)
[0.237s] -- Found builtin_interfaces: 1.2.1 (/opt/ros/humble/share/builtin_interfaces/cmake)
[0.351s] -- Found rosidl_generator_c: 3.1.5 (/opt/ros/humble/share/rosidl_generator_c/cmake)
[0.356s] -- Found rosidl_adapter: 3.1.5 (/opt/ros/humble/share/rosidl_adapter/cmake)
[0.369s] -- Found rosidl_generator_cpp: 3.1.5 (/opt/ros/humble/share/rosidl_generator_cpp/cmake)
[0.390s] -- Using all available rosidl_typesupport_c: rosidl_typesupport_fastrtps_c;rosidl_typesupport_introspection_c
[0.414s] -- Using all available rosidl_typesupport_cpp: rosidl_typesupport_fastrtps_cpp;rosidl_typesupport_introspection_cpp
[0.438s] -- Found eigen3_cmake_module: 0.1.1 (/opt/ros/humble/share/eigen3_cmake_module/cmake)
[0.443s] -- Found geometry_msgs: 4.2.4 (/opt/ros/humble/share/geometry_msgs/cmake)
[0.504s] -- Found px4_msgs: 2.0.1 (/home/niweiss/ws_sensor_combined/install/px4_msgs/share/px4_msgs/cmake)
[0.526s] -- Found rclcpp: 16.0.10 (/opt/ros/humble/share/rclcpp/cmake)
[0.585s] -- Found rmw_implementation_cmake: 6.1.2 (/opt/ros/humble/share/rmw_implementation_cmake/cmake)
[0.590s] -- Found rmw_fastrtps_cpp: 6.2.7 (/opt/ros/humble/share/rmw_fastrtps_cpp/cmake)
[3.070s] -- Using RMW implementation 'rmw_fastrtps_cpp' as default
[3.148s] -- Found sensor_msgs: 4.2.4 (/opt/ros/humble/share/sensor_msgs/cmake)
[3.171s] -- Found rclpy: 3.3.14 (/opt/ros/humble/share/rclpy/cmake)
[3.179s] -- Found ament_lint_auto: 0.12.11 (/opt/ros/humble/share/ament_lint_auto/cmake)
[3.271s] -- Added test 'copyright' to check source files copyright and LICENSE
[3.280s] -- Added test 'cppcheck' to perform static code analysis on C / C++ code
[3.280s] -- Configured cppcheck include dirs: /home/niweiss/ws_sensor_combined/src/px4_ros_com/include;$<BUILD_INTERFACE:/home/niweiss/ws_sensor_combined/src/px4_ros_com/include/px4_ros_com>
[3.280s] -- Configured cppcheck exclude dirs and/or files: 
[3.284s] -- Added test 'cpplint' to check C / C++ code against the Google style
[3.284s] -- Configured cpplint exclude dirs and/or files: 
[3.285s] -- Added test 'flake8' to check Python code syntax and style conventions
[3.286s] -- Added test 'lint_cmake' to check CMake code style
[3.287s] -- Added test 'pep257' to check Python code against some of the docstring style conventions in PEP 257
[3.290s] -- Added test 'uncrustify' to check C / C++ code style
[3.290s] -- Configured uncrustify additional arguments: 
[3.292s] -- Added test 'xmllint' to check XML markup files
[3.296s] -- Configuring done
[3.333s] -- Generating done
[3.338s] -- Build files have been written to: /home/niweiss/ws_sensor_combined/build/px4_ros_com
[3.363s] [35m[1mConsolidate compiler generated dependencies of target sensor_combined_listener[0m
[3.363s] [35m[1mConsolidate compiler generated dependencies of target debug_vect_advertiser[0m
[3.366s] [35m[1mConsolidate compiler generated dependencies of target offboard_control[0m
[3.366s] [35m[1mConsolidate compiler generated dependencies of target frame_transforms[0m
[3.371s] [35m[1mConsolidate compiler generated dependencies of target offboard_control_srv[0m
[3.371s] [35m[1mConsolidate compiler generated dependencies of target vehicle_gps_position_listener[0m
[3.381s] [  7%] [32mBuilding CXX object CMakeFiles/offboard_paths.dir/src/examples/offboard/offboard_paths.cpp.o[0m
[3.383s] [ 21%] Built target frame_transforms
[3.384s] [ 21%] Built target ament_cmake_python_copy_px4_ros_com
[3.385s] [ 35%] Built target sensor_combined_listener
[3.387s] [ 50%] Built target debug_vect_advertiser
[3.388s] [ 64%] Built target offboard_control_srv
[3.388s] [ 78%] Built target vehicle_gps_position_listener
[3.389s] [ 92%] Built target offboard_control
[3.584s] running egg_info
[3.596s] writing px4_ros_com.egg-info/PKG-INFO
[3.597s] writing dependency_links to px4_ros_com.egg-info/dependency_links.txt
[3.597s] writing top-level names to px4_ros_com.egg-info/top_level.txt
[3.644s] reading manifest file 'px4_ros_com.egg-info/SOURCES.txt'
[3.645s] writing manifest file 'px4_ros_com.egg-info/SOURCES.txt'
[3.676s] [ 92%] Built target ament_cmake_python_build_px4_ros_com_egg
[5.834s] [01m[K/home/niweiss/ws_sensor_combined/src/px4_ros_com/src/examples/offboard/offboard_paths.cpp:[m[K In lambda function:
[5.834s] [01m[K/home/niweiss/ws_sensor_combined/src/px4_ros_com/src/examples/offboard/offboard_paths.cpp:85:23:[m[K [01;35m[Kwarning: [m[Kunused variable â€˜[01m[Kx[m[Kâ€™ [[01;35m[K]8;;https://gcc.gnu.org/onlinedocs/gcc/Warning-Options.html#index-Wunused-variable-Wunused-variable]8;;[m[K]
[5.834s]    85 |                 float [01;35m[Kx[m[K = radius_ * std::cos(angle_);
[5.834s]       |                       [01;35m[K^[m[K
[5.835s] [01m[K/home/niweiss/ws_sensor_combined/src/px4_ros_com/src/examples/offboard/offboard_paths.cpp:86:23:[m[K [01;35m[Kwarning: [m[Kunused variable â€˜[01m[Ky[m[Kâ€™ [[01;35m[K]8;;https://gcc.gnu.org/onlinedocs/gcc/Warning-Options.html#index-Wunused-variable-Wunused-variable]8;;[m[K]
[5.835s]    86 |                 float [01;35m[Ky[m[K = radius_ * std::sin(angle_);
[5.835s]       |                       [01;35m[K^[m[K
[5.835s] [01m[K/home/niweiss/ws_sensor_combined/src/px4_ros_com/src/examples/offboard/offboard_paths.cpp:96:52:[m[K [01;31m[Kerror: [m[Kno matching function for call to â€˜[01m[KOffboardControl::publish_trajectory_setpoint(float&, float&, float&)[m[Kâ€™
[5.835s]    96 |                         [01;31m[Kpublish_trajectory_setpoint(x, y, altitude_)[m[K;
[5.835s]       |                         [01;31m[K~~~~~~~~~~~~~~~~~~~~~~~~~~~^~~~~~~~~~~~~~~~~[m[K
[5.835s] [01m[K/home/niweiss/ws_sensor_combined/src/px4_ros_com/src/examples/offboard/offboard_paths.cpp:124:14:[m[K [01;36m[Knote: [m[Kcandidate: â€˜[01m[Kvoid OffboardControl::publish_trajectory_setpoint(float)[m[Kâ€™
[5.835s]   124 |         void [01;36m[Kpublish_trajectory_setpoint[m[K(float position);
[5.835s]       |              [01;36m[K^~~~~~~~~~~~~~~~~~~~~~~~~~~[m[K
[5.835s] [01m[K/home/niweiss/ws_sensor_combined/src/px4_ros_com/src/examples/offboard/offboard_paths.cpp:124:14:[m[K [01;36m[Knote: [m[K  candidate expects 1 argument, 3 provided
[5.843s] [01m[K/home/niweiss/ws_sensor_combined/src/px4_ros_com/src/examples/offboard/offboard_paths.cpp:[m[K At global scope:
[5.843s] [01m[K/home/niweiss/ws_sensor_combined/src/px4_ros_com/src/examples/offboard/offboard_paths.cpp:169:6:[m[K [01;31m[Kerror: [m[Kno declaration matches â€˜[01m[Kvoid OffboardControl::publish_trajectory_setpoint(float, float, float)[m[Kâ€™
[5.843s]   169 | void [01;31m[KOffboardControl[m[K::publish_trajectory_setpoint(float x, float y, float z)
[5.843s]       |      [01;31m[K^~~~~~~~~~~~~~~[m[K
[5.843s] [01m[K/home/niweiss/ws_sensor_combined/src/px4_ros_com/src/examples/offboard/offboard_paths.cpp:124:14:[m[K [01;36m[Knote: [m[Kcandidate is: â€˜[01m[Kvoid OffboardControl::publish_trajectory_setpoint(float)[m[Kâ€™
[5.843s]   124 |         void [01;36m[Kpublish_trajectory_setpoint[m[K(float position);
[5.843s]       |              [01;36m[K^~~~~~~~~~~~~~~~~~~~~~~~~~~[m[K
[5.843s] [01m[K/home/niweiss/ws_sensor_combined/src/px4_ros_com/src/examples/offboard/offboard_paths.cpp:55:7:[m[K [01;36m[Knote: [m[Kâ€˜[01m[Kclass OffboardControl[m[Kâ€™ defined here
[5.843s]    55 | class [01;36m[KOffboardControl[m[K : public rclcpp::Node
[5.843s]       |       [01;36m[K^~~~~~~~~~~~~~~[m[K
[6.975s] gmake[2]: *** [CMakeFiles/offboard_paths.dir/build.make:76: CMakeFiles/offboard_paths.dir/src/examples/offboard/offboard_paths.cpp.o] Error 1
[6.976s] gmake[1]: *** [CMakeFiles/Makefile2:308: CMakeFiles/offboard_paths.dir/all] Error 2
[6.976s] gmake: *** [Makefile:146: all] Error 2
[6.978s] Invoked command in '/home/niweiss/ws_sensor_combined/build/px4_ros_com' returned '2': AMENT_PREFIX_PATH=/home/niweiss/ws_sensor_combined/install/px4_msgs:${AMENT_PREFIX_PATH} CMAKE_PREFIX_PATH=/home/niweiss/ws_sensor_combined/install/px4_msgs:/opt/ros/humble LD_LIBRARY_PATH=/home/niweiss/ws_sensor_combined/install/px4_msgs/lib:${LD_LIBRARY_PATH} PYTHONPATH=/home/niweiss/ws_sensor_combined/install/px4_msgs/local/lib/python3.10/dist-packages:${PYTHONPATH} /usr/bin/cmake --build /home/niweiss/ws_sensor_combined/build/px4_ros_com -- -j16 -l16
