[0.079s] Invoking command in '/home/niweiss/CPE-Capstone-2024-2025/ws_sensor_combined/build/px4_ros_com': AMENT_PREFIX_PATH=/home/niweiss/CPE-Capstone-2024-2025/ws_sensor_combined/install/custom_msgs:${AMENT_PREFIX_PATH} CMAKE_PREFIX_PATH=/home/niweiss/CPE-Capstone-2024-2025/ws_sensor_combined/install/custom_msgs:/opt/ros/humble LD_LIBRARY_PATH=/home/niweiss/CPE-Capstone-2024-2025/ws_sensor_combined/install/custom_msgs/lib:${LD_LIBRARY_PATH} PYTHONPATH=/home/niweiss/CPE-Capstone-2024-2025/ws_sensor_combined/install/custom_msgs/local/lib/python3.10/dist-packages:${PYTHONPATH} /usr/bin/cmake --build /home/niweiss/CPE-Capstone-2024-2025/ws_sensor_combined/build/px4_ros_com -- -j16 -l16
[0.121s] -- Found ament_cmake: 1.3.11 (/opt/ros/humble/share/ament_cmake/cmake)
[0.252s] -- Found builtin_interfaces: 1.2.1 (/opt/ros/humble/share/builtin_interfaces/cmake)
[0.462s] -- Found rosidl_generator_c: 3.1.6 (/opt/ros/humble/share/rosidl_generator_c/cmake)
[0.464s] -- Found rosidl_adapter: 3.1.6 (/opt/ros/humble/share/rosidl_adapter/cmake)
[0.469s] -- Found rosidl_generator_cpp: 3.1.6 (/opt/ros/humble/share/rosidl_generator_cpp/cmake)
[0.482s] -- Using all available rosidl_typesupport_c: rosidl_typesupport_fastrtps_c;rosidl_typesupport_introspection_c
[0.494s] -- Using all available rosidl_typesupport_cpp: rosidl_typesupport_fastrtps_cpp;rosidl_typesupport_introspection_cpp
[0.510s] -- Found eigen3_cmake_module: 0.1.1 (/opt/ros/humble/share/eigen3_cmake_module/cmake)
[0.515s] -- Found geometry_msgs: 4.2.4 (/opt/ros/humble/share/geometry_msgs/cmake)
[0.566s] -- Found px4_msgs: 2.0.1 (/home/niweiss/CPE-Capstone-2024-2025/ws_sensor_combined/install/px4_msgs/share/px4_msgs/cmake)
[0.591s] -- Found rclcpp: 16.0.11 (/opt/ros/humble/share/rclcpp/cmake)
[0.652s] -- Found rmw_implementation_cmake: 6.1.2 (/opt/ros/humble/share/rmw_implementation_cmake/cmake)
[0.657s] -- Found rmw_fastrtps_cpp: 6.2.7 (/opt/ros/humble/share/rmw_fastrtps_cpp/cmake)
[5.798s] -- Using RMW implementation 'rmw_fastrtps_cpp' as default
[5.881s] -- Found sensor_msgs: 4.2.4 (/opt/ros/humble/share/sensor_msgs/cmake)
[5.910s] -- Found rclpy: 3.3.15 (/opt/ros/humble/share/rclpy/cmake)
[5.912s] -- Found custom_msgs: 0.0.0 (/home/niweiss/CPE-Capstone-2024-2025/ws_sensor_combined/install/custom_msgs/share/custom_msgs/cmake)
[5.937s] -- Found ament_lint_auto: 0.12.11 (/opt/ros/humble/share/ament_lint_auto/cmake)
[6.023s] -- Added test 'copyright' to check source files copyright and LICENSE
[6.029s] -- Added test 'cppcheck' to perform static code analysis on C / C++ code
[6.030s] -- Configured cppcheck include dirs: /home/niweiss/CPE-Capstone-2024-2025/ws_sensor_combined/src/px4_ros_com/include;$<BUILD_INTERFACE:/home/niweiss/CPE-Capstone-2024-2025/ws_sensor_combined/src/px4_ros_com/include/px4_ros_com>
[6.030s] -- Configured cppcheck exclude dirs and/or files: 
[6.033s] -- Added test 'cpplint' to check C / C++ code against the Google style
[6.033s] -- Configured cpplint exclude dirs and/or files: 
[6.033s] -- Added test 'flake8' to check Python code syntax and style conventions
[6.034s] -- Added test 'lint_cmake' to check CMake code style
[6.035s] -- Added test 'pep257' to check Python code against some of the docstring style conventions in PEP 257
[6.037s] -- Added test 'uncrustify' to check C / C++ code style
[6.037s] -- Configured uncrustify additional arguments: 
[6.037s] -- Added test 'xmllint' to check XML markup files
[6.042s] -- Configuring done
[6.109s] -- Generating done
[6.127s] -- Build files have been written to: /home/niweiss/CPE-Capstone-2024-2025/ws_sensor_combined/build/px4_ros_com
[6.157s] [35m[1mConsolidate compiler generated dependencies of target frame_transforms[0m
[6.170s] [35m[1mConsolidate compiler generated dependencies of target offboard_launch[0m
[6.178s] [35m[1mConsolidate compiler generated dependencies of target sensor_combined_listener[0m
[6.179s] [35m[1mConsolidate compiler generated dependencies of target offboard_control[0m
[6.179s] [35m[1mConsolidate compiler generated dependencies of target debug_vect_advertiser[0m
[6.179s] [35m[1mConsolidate compiler generated dependencies of target offboard_control_srv[0m
[6.179s] [35m[1mConsolidate compiler generated dependencies of target offboard_paths[0m
[6.180s] [35m[1mConsolidate compiler generated dependencies of target vehicle_gps_position_listener[0m
[6.206s] [35m[1mConsolidate compiler generated dependencies of target flight_state_pub[0m
[6.223s] [  5%] [32mBuilding CXX object CMakeFiles/frame_transforms.dir/src/lib/frame_transforms.cpp.o[0m
[6.224s] [  5%] Built target ament_cmake_python_copy_px4_ros_com
[6.261s] [ 11%] [32mBuilding CXX object CMakeFiles/offboard_paths.dir/src/examples/offboard/offboard_paths.cpp.o[0m
[6.261s] [ 16%] [32mBuilding CXX object CMakeFiles/vehicle_gps_position_listener.dir/src/examples/listeners/vehicle_gps_position_listener.cpp.o[0m
[6.261s] [ 22%] [32mBuilding CXX object CMakeFiles/debug_vect_advertiser.dir/src/examples/advertisers/debug_vect_advertiser.cpp.o[0m
[6.261s] [ 27%] [32mBuilding CXX object CMakeFiles/offboard_control_srv.dir/src/examples/offboard/offboard_control_srv.cpp.o[0m
[6.262s] [ 33%] [32mBuilding CXX object CMakeFiles/offboard_control.dir/src/examples/offboard/offboard_control.cpp.o[0m
[6.270s] [ 38%] [32mBuilding CXX object CMakeFiles/flight_state_pub.dir/src/examples/offboard/flight_state_pub.cpp.o[0m
[6.270s] [ 44%] [32mBuilding CXX object CMakeFiles/sensor_combined_listener.dir/src/examples/listeners/sensor_combined_listener.cpp.o[0m
[6.273s] [ 50%] [32mBuilding CXX object CMakeFiles/offboard_launch.dir/src/examples/offboard/offboard_launch.cpp.o[0m
[6.495s] running egg_info
[6.511s] writing px4_ros_com.egg-info/PKG-INFO
[6.512s] writing dependency_links to px4_ros_com.egg-info/dependency_links.txt
[6.512s] writing top-level names to px4_ros_com.egg-info/top_level.txt
[6.569s] reading manifest file 'px4_ros_com.egg-info/SOURCES.txt'
[6.571s] writing manifest file 'px4_ros_com.egg-info/SOURCES.txt'
[6.604s] [ 50%] Built target ament_cmake_python_build_px4_ros_com_egg
[10.811s] [01m[K/home/niweiss/CPE-Capstone-2024-2025/ws_sensor_combined/src/px4_ros_com/src/examples/offboard/offboard_launch.cpp:[m[K In member function â€˜[01m[Kvoid OffboardControl::flightCommandCallback(custom_msgs::msg::FlightCommand)[m[Kâ€™:
[10.811s] [01m[K/home/niweiss/CPE-Capstone-2024-2025/ws_sensor_combined/src/px4_ros_com/src/examples/offboard/offboard_launch.cpp:604:36:[m[K [01;31m[Kerror: [m[Kâ€˜[01m[Kconst FlightCommand[m[Kâ€™ {aka â€˜[01m[Kconst struct custom_msgs::msg::FlightCommand_<std::allocator<void> >[m[Kâ€™} has no member named â€˜[01m[Klongitude_deg[m[Kâ€™
[10.811s]   604 |                  target_lon_ = msg.[01;31m[Klongitude_deg[m[K;
[10.811s]       |                                    [01;31m[K^~~~~~~~~~~~~[m[K
[10.811s] [01m[K/home/niweiss/CPE-Capstone-2024-2025/ws_sensor_combined/src/px4_ros_com/src/examples/offboard/offboard_launch.cpp:605:36:[m[K [01;31m[Kerror: [m[Kâ€˜[01m[Kconst FlightCommand[m[Kâ€™ {aka â€˜[01m[Kconst struct custom_msgs::msg::FlightCommand_<std::allocator<void> >[m[Kâ€™} has no member named â€˜[01m[Klatitude_deg[m[Kâ€™
[10.811s]   605 |                  target_lat_ = msg.[01;31m[Klatitude_deg[m[K;
[10.811s]       |                                    [01;31m[K^~~~~~~~~~~~[m[K
[10.812s] [01m[K/home/niweiss/CPE-Capstone-2024-2025/ws_sensor_combined/src/px4_ros_com/src/examples/offboard/offboard_launch.cpp:609:64:[m[K [01;31m[Kerror: [m[Kâ€˜[01m[Kconst FlightCommand[m[Kâ€™ {aka â€˜[01m[Kconst struct custom_msgs::msg::FlightCommand_<std::allocator<void> >[m[Kâ€™} has no member named â€˜[01m[Kwaypoint_type[m[Kâ€™
[10.812s]   609 |                  current_state_ = static_cast<FlightState>(msg.[01;31m[Kwaypoint_type[m[K);
[10.812s]       |                                                                [01;31m[K^~~~~~~~~~~~~[m[K
[13.033s] [ 55%] [32m[1mLinking CXX executable flight_state_pub[0m
[13.265s] [ 61%] [32m[1mLinking CXX executable debug_vect_advertiser[0m
[13.494s] [ 61%] Built target flight_state_pub
[13.651s] [ 61%] Built target debug_vect_advertiser
[14.387s] [ 66%] [32m[1mLinking CXX executable offboard_control[0m
[14.417s] [ 72%] [32m[1mLinking CXX executable offboard_paths[0m
[14.766s] [ 72%] Built target offboard_control
[14.773s] [ 72%] Built target offboard_paths
[15.383s] [ 77%] [32m[1mLinking CXX executable offboard_control_srv[0m
[15.713s] [ 77%] Built target offboard_control_srv
[16.598s] [ 83%] [32m[1mLinking CXX shared library libframe_transforms.so[0m
[16.982s] [ 83%] Built target frame_transforms
[18.054s] [ 88%] [32m[1mLinking CXX executable sensor_combined_listener[0m
[18.057s] [ 94%] [32m[1mLinking CXX executable vehicle_gps_position_listener[0m
[18.459s] [ 94%] Built target sensor_combined_listener
[18.477s] [ 94%] Built target vehicle_gps_position_listener
[19.450s] gmake[2]: *** [CMakeFiles/offboard_launch.dir/build.make:76: CMakeFiles/offboard_launch.dir/src/examples/offboard/offboard_launch.cpp.o] Error 1
[19.451s] gmake[1]: *** [CMakeFiles/Makefile2:312: CMakeFiles/offboard_launch.dir/all] Error 2
[19.451s] gmake: *** [Makefile:146: all] Error 2
[19.454s] Invoked command in '/home/niweiss/CPE-Capstone-2024-2025/ws_sensor_combined/build/px4_ros_com' returned '2': AMENT_PREFIX_PATH=/home/niweiss/CPE-Capstone-2024-2025/ws_sensor_combined/install/custom_msgs:${AMENT_PREFIX_PATH} CMAKE_PREFIX_PATH=/home/niweiss/CPE-Capstone-2024-2025/ws_sensor_combined/install/custom_msgs:/opt/ros/humble LD_LIBRARY_PATH=/home/niweiss/CPE-Capstone-2024-2025/ws_sensor_combined/install/custom_msgs/lib:${LD_LIBRARY_PATH} PYTHONPATH=/home/niweiss/CPE-Capstone-2024-2025/ws_sensor_combined/install/custom_msgs/local/lib/python3.10/dist-packages:${PYTHONPATH} /usr/bin/cmake --build /home/niweiss/CPE-Capstone-2024-2025/ws_sensor_combined/build/px4_ros_com -- -j16 -l16
