[0.038s] Invoking command in '/home/niweiss/ws_sensor_combined/build/px4_ros2_cpp': AMENT_PREFIX_PATH=/home/niweiss/ws_sensor_combined/install/px4_msgs CMAKE_PREFIX_PATH=/home/niweiss/ws_sensor_combined/install/px4_msgs LD_LIBRARY_PATH=/home/niweiss/ws_sensor_combined/install/px4_msgs/lib PYTHONPATH=/home/niweiss/ws_sensor_combined/install/px4_msgs/local/lib/python3.10/dist-packages /usr/bin/cmake --build /home/niweiss/ws_sensor_combined/build/px4_ros2_cpp -- -j16 -l16
[0.066s] -- Found ament_cmake: 1.3.10 (/opt/ros/humble/share/ament_cmake/cmake)
[0.153s] Traceback (most recent call last):
[0.153s]   File "/opt/ros/humble/share/ament_cmake_core/cmake/package_templates/templates_2_cmake.py", line 21, in <module>
[0.153s]     from ament_package.templates import get_environment_hook_template_path
[0.153s] ModuleNotFoundError: No module named 'ament_package'
[0.158s] [31mCMake Error at /opt/ros/humble/share/ament_cmake_core/cmake/ament_cmake_package_templates-extras.cmake:41 (message):
[0.158s]   execute_process(/usr/bin/python3
[0.158s]   /opt/ros/humble/share/ament_cmake_core/cmake/package_templates/templates_2_cmake.py
[0.158s]   /home/niweiss/ws_sensor_combined/build/px4_ros2_cpp/ament_cmake_package_templates/templates.cmake)
[0.158s]   returned error code 1
[0.158s] Call Stack (most recent call first):
[0.158s]   /opt/ros/humble/share/ament_cmake_core/cmake/ament_cmake_coreConfig.cmake:41 (include)
[0.158s]   /opt/ros/humble/share/ament_cmake/cmake/ament_cmake_export_dependencies-extras.cmake:15 (find_package)
[0.158s]   /opt/ros/humble/share/ament_cmake/cmake/ament_cmakeConfig.cmake:41 (include)
[0.158s]   CMakeLists.txt:17 (find_package)
[0.158s] 
[0.158s] [0m
[0.158s] -- Configuring incomplete, errors occurred!
[0.158s] See also "/home/niweiss/ws_sensor_combined/build/px4_ros2_cpp/CMakeFiles/CMakeOutput.log".
[0.159s] gmake: *** [Makefile:1350: cmake_check_build_system] Error 1
[0.160s] Invoked command in '/home/niweiss/ws_sensor_combined/build/px4_ros2_cpp' returned '2': AMENT_PREFIX_PATH=/home/niweiss/ws_sensor_combined/install/px4_msgs CMAKE_PREFIX_PATH=/home/niweiss/ws_sensor_combined/install/px4_msgs LD_LIBRARY_PATH=/home/niweiss/ws_sensor_combined/install/px4_msgs/lib PYTHONPATH=/home/niweiss/ws_sensor_combined/install/px4_msgs/local/lib/python3.10/dist-packages /usr/bin/cmake --build /home/niweiss/ws_sensor_combined/build/px4_ros2_cpp -- -j16 -l16
