[01m[K/home/niweiss/CPE-Capstone-2024-2025/ws_sensor_combined/src/px4_ros_com/src/examples/offboard/offboard_launch.cpp:[m[K In member function â€˜[01m[Kvoid OffboardControl::updateLocalTargets()[m[Kâ€™:
[01m[K/home/niweiss/CPE-Capstone-2024-2025/ws_sensor_combined/src/px4_ros_com/src/examples/offboard/offboard_launch.cpp:32:22:[m[K [01;31m[Kerror: [m[Kexpected primary-expression before â€˜[01m[K=[m[Kâ€™ token
   32 | #define EARTH_RADIUS [01;31m[K=[m[K 6378137.0; // Earth's radius in meters
      |                      [01;31m[K^[m[K
[01m[K/home/niweiss/CPE-Capstone-2024-2025/ws_sensor_combined/src/px4_ros_com/src/examples/offboard/offboard_launch.cpp:534:36:[m[K [01;36m[Knote: [m[Kin expansion of macro â€˜[01m[KEARTH_RADIUS[m[Kâ€™
  534 |                 target_x_ = dLat * [01;36m[KEARTH_RADIUS[m[K;
      |                                    [01;36m[K^~~~~~~~~~~~[m[K
[01m[K/home/niweiss/CPE-Capstone-2024-2025/ws_sensor_combined/src/px4_ros_com/src/examples/offboard/offboard_launch.cpp:32:22:[m[K [01;31m[Kerror: [m[Kexpected primary-expression before â€˜[01m[K=[m[Kâ€™ token
   32 | #define EARTH_RADIUS [01;31m[K=[m[K 6378137.0; // Earth's radius in meters
      |                      [01;31m[K^[m[K
[01m[K/home/niweiss/CPE-Capstone-2024-2025/ws_sensor_combined/src/px4_ros_com/src/examples/offboard/offboard_launch.cpp:535:36:[m[K [01;36m[Knote: [m[Kin expansion of macro â€˜[01m[KEARTH_RADIUS[m[Kâ€™
  535 |                 target_y_ = dLon * [01;36m[KEARTH_RADIUS[m[K * cos(deg2Rad(home_lat_));
      |                                    [01;36m[K^~~~~~~~~~~~[m[K
[01m[K/home/niweiss/CPE-Capstone-2024-2025/ws_sensor_combined/src/px4_ros_com/src/examples/offboard/offboard_launch.cpp:535:49:[m[K [01;31m[Kerror: [m[Kinvalid type argument of unary â€˜[01m[K*[m[Kâ€™ (have â€˜[01m[Kdouble[m[Kâ€™)
  535 |                 target_y_ = dLon * EARTH_RADIUS [01;31m[K* cos(deg2Rad(home_lat_))[m[K;
      |                                                 [01;31m[K^~~~~~~~~~~~~~~~~~~~~~~~~[m[K
gmake[2]: *** [CMakeFiles/offboard_launch.dir/build.make:76: CMakeFiles/offboard_launch.dir/src/examples/offboard/offboard_launch.cpp.o] Error 1
gmake[1]: *** [CMakeFiles/Makefile2:314: CMakeFiles/offboard_launch.dir/all] Error 2
gmake: *** [Makefile:146: all] Error 2
