[1.418s] Invoking command in '/home/niweiss/CPE-Capstone-2024-2025/ws_sensor_combined/build/px4_ros_com': CMAKE_PREFIX_PATH=/home/niweiss/CPE-Capstone-2024-2025/ws_sensor_combined/install/px4_msgs:/home/niweiss/CPE-Capstone-2024-2025/ws_sensor_combined/install/custom_msgs:/home/niweiss/CPE-Capstone-2024-2025/ws_sensor_combined/install/px4_ros_com:/home/niweiss/ws_sensor_combined/install/example_mode_with_executor_cpp:/home/niweiss/ws_sensor_combined/install/example_mode_rtl_replacement_cpp:/home/niweiss/ws_sensor_combined/install/example_mode_manual_cpp:/home/niweiss/ws_sensor_combined/install/example_mode_goto_global_cpp:/home/niweiss/ws_sensor_combined/install/example_mode_goto_cpp:/home/niweiss/ws_sensor_combined/install/example_mode_fw_attitude_cpp:/home/niweiss/ws_sensor_combined/install/example_local_navigation_cpp:/home/niweiss/ws_sensor_combined/install/example_global_navigation_cpp:/home/niweiss/ws_sensor_combined/install/px4_ros2_cpp:/home/niweiss/ws_sensor_combined/install/px4_msgs:/home/niweiss/ws_sensor_combined/install/custom_msgs:/home/niweiss/ws_sensor_combined/install/px4_ros_com:/opt/ros/humble LD_LIBRARY_PATH=/home/niweiss/CPE-Capstone-2024-2025/ws_sensor_combined/install/px4_msgs/lib:/home/niweiss/CPE-Capstone-2024-2025/ws_sensor_combined/install/custom_msgs/lib:/home/niweiss/CPE-Capstone-2024-2025/ws_sensor_combined/install/px4_ros_com/lib:/home/niweiss/ws_sensor_combined/install/px4_ros_com/lib:/home/niweiss/ws_sensor_combined/install/px4_ros2_cpp/lib:/home/niweiss/ws_sensor_combined/install/px4_msgs/lib:/home/niweiss/ws_sensor_combined/install/custom_msgs/lib:/opt/ros/humble/opt/rviz_ogre_vendor/lib:/opt/ros/humble/lib/x86_64-linux-gnu:/opt/ros/humble/lib /usr/bin/cmake --build /home/niweiss/CPE-Capstone-2024-2025/ws_sensor_combined/build/px4_ros_com -- -j16 -l16
[1.478s] [35m[1mConsolidate compiler generated dependencies of target offboard_launch[0m
[1.485s] [ 10%] Built target offboard_control_srv
[1.487s] [ 20%] Built target frame_transforms
[1.488s] [ 20%] Built target ament_cmake_python_copy_px4_ros_com
[1.489s] [ 30%] Built target flight_state_pub
[1.489s] [ 45%] Built target vehicle_gps_position_listener
[1.489s] [ 50%] Built target sensor_combined_listener
[1.492s] [ 60%] Built target debug_vect_advertiser
[1.493s] [ 70%] Built target gui_command_pub
[1.496s] [ 80%] Built target offboard_control
[1.501s] [ 85%] [32mBuilding CXX object CMakeFiles/offboard_launch.dir/src/examples/offboard/offboard_launch.cpp.o[0m
[1.501s] [ 95%] Built target offboard_paths
[1.837s] running egg_info
[1.867s] writing px4_ros_com.egg-info/PKG-INFO
[1.870s] writing dependency_links to px4_ros_com.egg-info/dependency_links.txt
[1.870s] writing top-level names to px4_ros_com.egg-info/top_level.txt
[1.950s] reading manifest file 'px4_ros_com.egg-info/SOURCES.txt'
[1.952s] writing manifest file 'px4_ros_com.egg-info/SOURCES.txt'
[2.008s] [ 95%] Built target ament_cmake_python_build_px4_ros_com_egg
[7.551s] [01m[K/home/niweiss/CPE-Capstone-2024-2025/ws_sensor_combined/src/px4_ros_com/src/examples/offboard/offboard_launch.cpp:[m[K In member function â€˜[01m[Kvoid OffboardControl::updateLocalTargets()[m[Kâ€™:
[7.551s] [01m[K/home/niweiss/CPE-Capstone-2024-2025/ws_sensor_combined/src/px4_ros_com/src/examples/offboard/offboard_launch.cpp:32:22:[m[K [01;31m[Kerror: [m[Kexpected primary-expression before â€˜[01m[K=[m[Kâ€™ token
[7.551s]    32 | #define EARTH_RADIUS [01;31m[K=[m[K 6378137.0; // Earth's radius in meters
[7.551s]       |                      [01;31m[K^[m[K
[7.551s] [01m[K/home/niweiss/CPE-Capstone-2024-2025/ws_sensor_combined/src/px4_ros_com/src/examples/offboard/offboard_launch.cpp:534:36:[m[K [01;36m[Knote: [m[Kin expansion of macro â€˜[01m[KEARTH_RADIUS[m[Kâ€™
[7.551s]   534 |                 target_x_ = dLat * [01;36m[KEARTH_RADIUS[m[K;
[7.551s]       |                                    [01;36m[K^~~~~~~~~~~~[m[K
[7.551s] [01m[K/home/niweiss/CPE-Capstone-2024-2025/ws_sensor_combined/src/px4_ros_com/src/examples/offboard/offboard_launch.cpp:32:22:[m[K [01;31m[Kerror: [m[Kexpected primary-expression before â€˜[01m[K=[m[Kâ€™ token
[7.551s]    32 | #define EARTH_RADIUS [01;31m[K=[m[K 6378137.0; // Earth's radius in meters
[7.551s]       |                      [01;31m[K^[m[K
[7.551s] [01m[K/home/niweiss/CPE-Capstone-2024-2025/ws_sensor_combined/src/px4_ros_com/src/examples/offboard/offboard_launch.cpp:535:36:[m[K [01;36m[Knote: [m[Kin expansion of macro â€˜[01m[KEARTH_RADIUS[m[Kâ€™
[7.551s]   535 |                 target_y_ = dLon * [01;36m[KEARTH_RADIUS[m[K * cos(deg2Rad(home_lat_));
[7.551s]       |                                    [01;36m[K^~~~~~~~~~~~[m[K
[7.552s] [01m[K/home/niweiss/CPE-Capstone-2024-2025/ws_sensor_combined/src/px4_ros_com/src/examples/offboard/offboard_launch.cpp:535:49:[m[K [01;31m[Kerror: [m[Kinvalid type argument of unary â€˜[01m[K*[m[Kâ€™ (have â€˜[01m[Kdouble[m[Kâ€™)
[7.552s]   535 |                 target_y_ = dLon * EARTH_RADIUS [01;31m[K* cos(deg2Rad(home_lat_))[m[K;
[7.552s]       |                                                 [01;31m[K^~~~~~~~~~~~~~~~~~~~~~~~~[m[K
[22.245s] gmake[2]: *** [CMakeFiles/offboard_launch.dir/build.make:76: CMakeFiles/offboard_launch.dir/src/examples/offboard/offboard_launch.cpp.o] Error 1
[22.245s] gmake[1]: *** [CMakeFiles/Makefile2:314: CMakeFiles/offboard_launch.dir/all] Error 2
[22.245s] gmake: *** [Makefile:146: all] Error 2
[22.248s] Invoked command in '/home/niweiss/CPE-Capstone-2024-2025/ws_sensor_combined/build/px4_ros_com' returned '2': CMAKE_PREFIX_PATH=/home/niweiss/CPE-Capstone-2024-2025/ws_sensor_combined/install/px4_msgs:/home/niweiss/CPE-Capstone-2024-2025/ws_sensor_combined/install/custom_msgs:/home/niweiss/CPE-Capstone-2024-2025/ws_sensor_combined/install/px4_ros_com:/home/niweiss/ws_sensor_combined/install/example_mode_with_executor_cpp:/home/niweiss/ws_sensor_combined/install/example_mode_rtl_replacement_cpp:/home/niweiss/ws_sensor_combined/install/example_mode_manual_cpp:/home/niweiss/ws_sensor_combined/install/example_mode_goto_global_cpp:/home/niweiss/ws_sensor_combined/install/example_mode_goto_cpp:/home/niweiss/ws_sensor_combined/install/example_mode_fw_attitude_cpp:/home/niweiss/ws_sensor_combined/install/example_local_navigation_cpp:/home/niweiss/ws_sensor_combined/install/example_global_navigation_cpp:/home/niweiss/ws_sensor_combined/install/px4_ros2_cpp:/home/niweiss/ws_sensor_combined/install/px4_msgs:/home/niweiss/ws_sensor_combined/install/custom_msgs:/home/niweiss/ws_sensor_combined/install/px4_ros_com:/opt/ros/humble LD_LIBRARY_PATH=/home/niweiss/CPE-Capstone-2024-2025/ws_sensor_combined/install/px4_msgs/lib:/home/niweiss/CPE-Capstone-2024-2025/ws_sensor_combined/install/custom_msgs/lib:/home/niweiss/CPE-Capstone-2024-2025/ws_sensor_combined/install/px4_ros_com/lib:/home/niweiss/ws_sensor_combined/install/px4_ros_com/lib:/home/niweiss/ws_sensor_combined/install/px4_ros2_cpp/lib:/home/niweiss/ws_sensor_combined/install/px4_msgs/lib:/home/niweiss/ws_sensor_combined/install/custom_msgs/lib:/opt/ros/humble/opt/rviz_ogre_vendor/lib:/opt/ros/humble/lib/x86_64-linux-gnu:/opt/ros/humble/lib /usr/bin/cmake --build /home/niweiss/CPE-Capstone-2024-2025/ws_sensor_combined/build/px4_ros_com -- -j16 -l16
