[35m[1mConsolidate compiler generated dependencies of target offboard_launch[0m
[ 11%] Built target debug_vect_advertiser
[ 22%] Built target vehicle_gps_position_listener
[ 33%] Built target offboard_control
[ 44%] Built target sensor_combined_listener
[ 55%] Built target offboard_control_srv
[ 66%] Built target offboard_paths
[ 77%] Built target frame_transforms
[ 88%] Built target flight_state_pub
[ 88%] Built target ament_cmake_python_copy_px4_ros_com
[ 94%] [32mBuilding CXX object CMakeFiles/offboard_launch.dir/src/examples/offboard/offboard_launch.cpp.o[0m
running egg_info
writing px4_ros_com.egg-info/PKG-INFO
writing dependency_links to px4_ros_com.egg-info/dependency_links.txt
writing top-level names to px4_ros_com.egg-info/top_level.txt
reading manifest file 'px4_ros_com.egg-info/SOURCES.txt'
writing manifest file 'px4_ros_com.egg-info/SOURCES.txt'
[ 94%] Built target ament_cmake_python_build_px4_ros_com_egg
[01m[K/home/niweiss/ws_sensor_combined/src/px4_ros_com/src/examples/offboard/offboard_launch.cpp:[m[K In member function â€˜[01m[Kvoid OffboardControl::handleFigure8WaypointState(float, float, float, float)[m[Kâ€™:
[01m[K/home/niweiss/ws_sensor_combined/src/px4_ros_com/src/examples/offboard/offboard_launch.cpp:318:25:[m[K [01;31m[Kerror: [m[Kâ€˜[01m[Kfigure8_x[m[Kâ€™ was not declared in this scope; did you mean â€˜[01m[Kfigure8_y[m[Kâ€™?
  318 |                         [01;31m[Kfigure8_x[m[K = waypoint_y + radius;
      |                         [01;31m[K^~~~~~~~~[m[K
      |                         [32m[Kfigure8_y[m[K
[01m[K/home/niweiss/ws_sensor_combined/src/px4_ros_com/src/examples/offboard/offboard_launch.cpp:320:25:[m[K [01;31m[Kerror: [m[Kexpected â€˜[01m[K;[m[Kâ€™ before â€˜[01m[Kcurrent_state_[m[Kâ€™
  320 |                         [01;31m[Kcurrent_state_[m[K = FlightState::FIGURE8_PATH;
      |                         [01;31m[K^~~~~~~~~~~~~~[m[K
gmake[2]: *** [CMakeFiles/offboard_launch.dir/build.make:76: CMakeFiles/offboard_launch.dir/src/examples/offboard/offboard_launch.cpp.o] Error 1
gmake[1]: *** [CMakeFiles/Makefile2:312: CMakeFiles/offboard_launch.dir/all] Error 2
gmake: *** [Makefile:146: all] Error 2
