[0.173s] Invoking command in '/home/niweiss/CPE-Capstone-2024-2025/ws_sensor_combined/build/px4_ros_com': CMAKE_PREFIX_PATH=/home/niweiss/CPE-Capstone-2024-2025/ws_sensor_combined/install/px4_msgs:/home/niweiss/CPE-Capstone-2024-2025/ws_sensor_combined/install/custom_msgs:/home/niweiss/CPE-Capstone-2024-2025/ws_sensor_combined/install/px4_ros_com:/opt/ros/humble LD_LIBRARY_PATH=/home/niweiss/CPE-Capstone-2024-2025/ws_sensor_combined/install/px4_msgs/lib:/home/niweiss/CPE-Capstone-2024-2025/ws_sensor_combined/install/custom_msgs/lib:/home/niweiss/CPE-Capstone-2024-2025/ws_sensor_combined/install/px4_ros_com/lib:/opt/ros/humble/opt/rviz_ogre_vendor/lib:/opt/ros/humble/lib/x86_64-linux-gnu:/opt/ros/humble/lib /usr/bin/cmake --build /home/niweiss/CPE-Capstone-2024-2025/ws_sensor_combined/build/px4_ros_com -- -j16 -l16
[0.218s] [35m[1mConsolidate compiler generated dependencies of target offboard_launch[0m
[0.231s] [ 11%] Built target frame_transforms
[0.234s] [ 22%] Built target sensor_combined_listener
[0.235s] [ 33%] Built target vehicle_gps_position_listener
[0.236s] [ 44%] Built target debug_vect_advertiser
[0.237s] [ 55%] Built target offboard_control_srv
[0.237s] [ 66%] Built target flight_state_pub
[0.237s] [ 77%] Built target offboard_control
[0.239s] [ 83%] [32mBuilding CXX object CMakeFiles/offboard_launch.dir/src/examples/offboard/offboard_launch.cpp.o[0m
[0.239s] [ 94%] Built target offboard_paths
[0.240s] [ 94%] Built target ament_cmake_python_copy_px4_ros_com
[0.490s] running egg_info
[0.508s] writing px4_ros_com.egg-info/PKG-INFO
[0.509s] writing dependency_links to px4_ros_com.egg-info/dependency_links.txt
[0.509s] writing top-level names to px4_ros_com.egg-info/top_level.txt
[0.567s] reading manifest file 'px4_ros_com.egg-info/SOURCES.txt'
[0.568s] writing manifest file 'px4_ros_com.egg-info/SOURCES.txt'
[0.607s] [ 94%] Built target ament_cmake_python_build_px4_ros_com_egg
[3.931s] In file included from [01m[K/opt/ros/humble/include/rclcpp/rclcpp/logging.hpp:24[m[K,
[3.931s]                  from [01m[K/opt/ros/humble/include/rclcpp/rclcpp/client.hpp:40[m[K,
[3.931s]                  from [01m[K/opt/ros/humble/include/rclcpp/rclcpp/callback_group.hpp:24[m[K,
[3.931s]                  from [01m[K/opt/ros/humble/include/rclcpp/rclcpp/any_executable.hpp:20[m[K,
[3.931s]                  from [01m[K/opt/ros/humble/include/rclcpp/rclcpp/memory_strategy.hpp:25[m[K,
[3.931s]                  from [01m[K/opt/ros/humble/include/rclcpp/rclcpp/memory_strategies.hpp:18[m[K,
[3.932s]                  from [01m[K/opt/ros/humble/include/rclcpp/rclcpp/executor_options.hpp:20[m[K,
[3.932s]                  from [01m[K/opt/ros/humble/include/rclcpp/rclcpp/executor.hpp:37[m[K,
[3.932s]                  from [01m[K/opt/ros/humble/include/rclcpp/rclcpp/executors/multi_threaded_executor.hpp:25[m[K,
[3.932s]                  from [01m[K/opt/ros/humble/include/rclcpp/rclcpp/executors.hpp:21[m[K,
[3.932s]                  from [01m[K/opt/ros/humble/include/rclcpp/rclcpp/rclcpp.hpp:155[m[K,
[3.932s]                  from [01m[K/home/niweiss/CPE-Capstone-2024-2025/ws_sensor_combined/src/px4_ros_com/src/examples/offboard/offboard_launch.cpp:20[m[K:
[3.932s] [01m[K/home/niweiss/CPE-Capstone-2024-2025/ws_sensor_combined/src/px4_ros_com/src/examples/offboard/offboard_launch.cpp:[m[K In member function â€˜[01m[Kvoid OffboardControl::gpsCallback(px4_msgs::msg::SensorGps)[m[Kâ€™:
[3.932s] [01m[K/home/niweiss/CPE-Capstone-2024-2025/ws_sensor_combined/src/px4_ros_com/src/examples/offboard/offboard_launch.cpp:517:63:[m[K [01;31m[Kerror: [m[Kâ€˜[01m[Kcur_lat[m[Kâ€™ was not declared in this scope; did you mean â€˜[01m[Kcur_lat_[m[Kâ€™?
[3.932s]   517 |                 RCLCPP_INFO(this->get_logger(), "(%f, %f)\n", [01;31m[Kcur_lat[m[K, cur_lon);
[3.932s]       |                                                               [01;31m[K^~~~~~~[m[K
[3.937s] [01m[K/home/niweiss/CPE-Capstone-2024-2025/ws_sensor_combined/src/px4_ros_com/src/examples/offboard/offboard_launch.cpp:517:72:[m[K [01;31m[Kerror: [m[Kâ€˜[01m[Kcur_lon[m[Kâ€™ was not declared in this scope; did you mean â€˜[01m[Kcur_lon_[m[Kâ€™?
[3.938s]   517 |                 RCLCPP_INFO(this->get_logger(), "(%f, %f)\n", cur_lat, [01;31m[Kcur_lon[m[K);
[3.938s]       |                                                                        [01;31m[K^~~~~~~[m[K
[14.869s] gmake[2]: *** [CMakeFiles/offboard_launch.dir/build.make:76: CMakeFiles/offboard_launch.dir/src/examples/offboard/offboard_launch.cpp.o] Error 1
[14.869s] gmake[1]: *** [CMakeFiles/Makefile2:312: CMakeFiles/offboard_launch.dir/all] Error 2
[14.870s] gmake: *** [Makefile:146: all] Error 2
[14.873s] Invoked command in '/home/niweiss/CPE-Capstone-2024-2025/ws_sensor_combined/build/px4_ros_com' returned '2': CMAKE_PREFIX_PATH=/home/niweiss/CPE-Capstone-2024-2025/ws_sensor_combined/install/px4_msgs:/home/niweiss/CPE-Capstone-2024-2025/ws_sensor_combined/install/custom_msgs:/home/niweiss/CPE-Capstone-2024-2025/ws_sensor_combined/install/px4_ros_com:/opt/ros/humble LD_LIBRARY_PATH=/home/niweiss/CPE-Capstone-2024-2025/ws_sensor_combined/install/px4_msgs/lib:/home/niweiss/CPE-Capstone-2024-2025/ws_sensor_combined/install/custom_msgs/lib:/home/niweiss/CPE-Capstone-2024-2025/ws_sensor_combined/install/px4_ros_com/lib:/opt/ros/humble/opt/rviz_ogre_vendor/lib:/opt/ros/humble/lib/x86_64-linux-gnu:/opt/ros/humble/lib /usr/bin/cmake --build /home/niweiss/CPE-Capstone-2024-2025/ws_sensor_combined/build/px4_ros_com -- -j16 -l16
