[35m[1mConsolidate compiler generated dependencies of target offboard_launch[0m
[ 25%] Built target sensor_combined_listener
[ 25%] Built target vehicle_gps_position_listener
[ 37%] Built target offboard_paths
[ 50%] Built target frame_transforms
[ 50%] Built target ament_cmake_python_copy_px4_ros_com
[ 62%] Built target debug_vect_advertiser
[ 75%] Built target offboard_control_srv
[ 87%] Built target offboard_control
[ 93%] [32mBuilding CXX object CMakeFiles/offboard_launch.dir/src/examples/offboard/offboard_launch.cpp.o[0m
[01m[K/home/niweiss/ws_sensor_combined/src/px4_ros_com/src/examples/offboard/offboard_launch.cpp:46:10:[m[K [01;31m[Kfatal error: [m[Kstd_msgs/msgint32.hpp: No such file or directory
   46 | #include [01;31m[K"std_msgs/msgint32.hpp"[m[K
      |          [01;31m[K^~~~~~~~~~~~~~~~~~~~~~~[m[K
compilation terminated.
gmake[2]: *** [CMakeFiles/offboard_launch.dir/build.make:76: CMakeFiles/offboard_launch.dir/src/examples/offboard/offboard_launch.cpp.o] Error 1
gmake[1]: *** [CMakeFiles/Makefile2:310: CMakeFiles/offboard_launch.dir/all] Error 2
gmake[1]: *** Waiting for unfinished jobs....
running egg_info
writing px4_ros_com.egg-info/PKG-INFO
writing dependency_links to px4_ros_com.egg-info/dependency_links.txt
writing top-level names to px4_ros_com.egg-info/top_level.txt
reading manifest file 'px4_ros_com.egg-info/SOURCES.txt'
writing manifest file 'px4_ros_com.egg-info/SOURCES.txt'
[ 93%] Built target ament_cmake_python_build_px4_ros_com_egg
gmake: *** [Makefile:146: all] Error 2
