[0.022s] Invoking command in '/home/niweiss/ws_sensor_combined/build/px4_ros_com': AMENT_PREFIX_PATH=/home/niweiss/ws_sensor_combined/install/px4_msgs:${AMENT_PREFIX_PATH} CMAKE_PREFIX_PATH=/home/niweiss/ws_sensor_combined/install/px4_msgs:/opt/ros/humble LD_LIBRARY_PATH=/home/niweiss/ws_sensor_combined/install/px4_msgs/lib:${LD_LIBRARY_PATH} PYTHONPATH=/home/niweiss/ws_sensor_combined/install/px4_msgs/local/lib/python3.10/dist-packages:${PYTHONPATH} /usr/bin/cmake --build /home/niweiss/ws_sensor_combined/build/px4_ros_com -- -j16 -l16
[0.062s] [35m[1mConsolidate compiler generated dependencies of target offboard_launch[0m
[0.070s] [  0%] Built target ament_cmake_python_copy_px4_ros_com
[0.077s] [ 12%] Built target frame_transforms
[0.092s] [ 18%] [32mBuilding CXX object CMakeFiles/offboard_launch.dir/src/examples/offboard/offboard_launch.cpp.o[0m
[0.092s] [ 43%] Built target offboard_control_srv
[0.092s] [ 43%] Built target offboard_control
[0.093s] [ 56%] Built target offboard_paths
[0.093s] [ 68%] Built target debug_vect_advertiser
[0.093s] [ 81%] Built target sensor_combined_listener
[0.094s] [ 93%] Built target vehicle_gps_position_listener
[0.197s] running egg_info
[0.205s] writing px4_ros_com.egg-info/PKG-INFO
[0.206s] writing dependency_links to px4_ros_com.egg-info/dependency_links.txt
[0.206s] writing top-level names to px4_ros_com.egg-info/top_level.txt
[0.233s] reading manifest file 'px4_ros_com.egg-info/SOURCES.txt'
[0.234s] writing manifest file 'px4_ros_com.egg-info/SOURCES.txt'
[0.251s] [ 93%] Built target ament_cmake_python_build_px4_ros_com_egg
[1.626s] [01m[K/home/niweiss/ws_sensor_combined/src/px4_ros_com/src/examples/offboard/offboard_launch.cpp:110:30:[m[K [01;31m[Kerror: [m[Kâ€˜[01m[Kstd_msgs[m[Kâ€™ was not declared in this scope
[1.626s]   110 |         rclcpp::Subscription<[01;31m[Kstd_msgs[m[K::msg::Int32>::SharedPtr gui_command_subscriber_;
[1.626s]       |                              [01;31m[K^~~~~~~~[m[K
[1.626s] [01m[K/home/niweiss/ws_sensor_combined/src/px4_ros_com/src/examples/offboard/offboard_launch.cpp:110:50:[m[K [01;31m[Kerror: [m[Ktemplate argument 1 is invalid
[1.626s]   110 |         rclcpp::Subscription<std_msgs::msg::Int32[01;31m[K>[m[K::SharedPtr gui_command_subscriber_;
[1.626s]       |                                                  [01;31m[K^[m[K
[1.626s] [01m[K/home/niweiss/ws_sensor_combined/src/px4_ros_com/src/examples/offboard/offboard_launch.cpp:110:50:[m[K [01;31m[Kerror: [m[Ktemplate argument 3 is invalid
[1.626s] [01m[K/home/niweiss/ws_sensor_combined/src/px4_ros_com/src/examples/offboard/offboard_launch.cpp:110:50:[m[K [01;31m[Kerror: [m[Ktemplate argument 4 is invalid
[1.626s] [01m[K/home/niweiss/ws_sensor_combined/src/px4_ros_com/src/examples/offboard/offboard_launch.cpp:110:50:[m[K [01;31m[Kerror: [m[Ktemplate argument 5 is invalid
[1.626s] [01m[K/home/niweiss/ws_sensor_combined/src/px4_ros_com/src/examples/offboard/offboard_launch.cpp:110:53:[m[K [01;31m[Kerror: [m[Kexpected â€˜[01m[K;[m[Kâ€™ at end of member declaration
[1.626s]   110 |         rclcpp::Subscription<std_msgs::msg::Int32>::[01;31m[KSharedPtr[m[K gui_command_subscriber_;
[1.626s]       |                                                     [01;31m[K^~~~~~~~~[m[K
[1.626s]       |                                                              [32m[K;[m[K
[1.628s] [01m[K/home/niweiss/ws_sensor_combined/src/px4_ros_com/src/examples/offboard/offboard_launch.cpp:110:63:[m[K [01;31m[Kerror: [m[Kâ€˜[01m[Kgui_command_subscriber_[m[Kâ€™ does not name a type
[1.628s]   110 |         rclcpp::Subscription<std_msgs::msg::Int32>::SharedPtr [01;31m[Kgui_command_subscriber_[m[K;
[1.628s]       |                                                               [01;31m[K^~~~~~~~~~~~~~~~~~~~~~~[m[K
[1.628s] [01m[K/home/niweiss/ws_sensor_combined/src/px4_ros_com/src/examples/offboard/offboard_launch.cpp:121:34:[m[K [01;31m[Kerror: [m[Kâ€˜[01m[Kstd_msgs[m[Kâ€™ does not name a type
[1.629s]   121 |         void stateCallback(const [01;31m[Kstd_msgs[m[K::msg::Int32::SharedPtr msg) {
[1.629s]       |                                  [01;31m[K^~~~~~~~[m[K
[1.629s] [01m[K/home/niweiss/ws_sensor_combined/src/px4_ros_com/src/examples/offboard/offboard_launch.cpp:121:47:[m[K [01;31m[Kerror: [m[Kexpected unqualified-id before â€˜[01m[K::[m[Kâ€™ token
[1.629s]   121 |         void stateCallback(const std_msgs::msg[01;31m[K::[m[KInt32::SharedPtr msg) {
[1.629s]       |                                               [01;31m[K^~[m[K
[1.629s] [01m[K/home/niweiss/ws_sensor_combined/src/px4_ros_com/src/examples/offboard/offboard_launch.cpp:121:47:[m[K [01;31m[Kerror: [m[Kexpected â€˜[01m[K)[m[Kâ€™ before â€˜[01m[K::[m[Kâ€™ token
[1.629s]   121 |         void stateCallback[34m[K([m[Kconst std_msgs::msg[01;31m[K:[m[K[32m[K:[m[KInt32::SharedPtr msg) {
[1.629s]       |                           [34m[K~[m[K                   [01;31m[K^[m[K[32m[K~[m[K
[1.629s]       |                                               [32m[K)[m[K
[1.629s] [01m[K/home/niweiss/ws_sensor_combined/src/px4_ros_com/src/examples/offboard/offboard_launch.cpp:121:44:[m[K [01;31m[Kerror: [m[Kexpected â€˜[01m[K;[m[Kâ€™ at end of member declaration
[1.629s]   121 |         void stateCallback(const std_msgs::[01;31m[Kmsg[m[K::Int32::SharedPtr msg) {
[1.629s]       |                                            [01;31m[K^~~[m[K
[1.629s]       |                                               [32m[K;[m[K
[1.629s] [01m[K/home/niweiss/ws_sensor_combined/src/px4_ros_com/src/examples/offboard/offboard_launch.cpp:121:49:[m[K [01;31m[Kerror: [m[Kâ€˜[01m[KInt32[m[Kâ€™ in namespace â€˜[01m[K::[m[Kâ€™ does not name a type
[1.629s]   121 |         void stateCallback(const std_msgs::msg::[01;31m[KInt32[m[K::SharedPtr msg) {
[1.629s]       |                                                 [01;31m[K^~~~~[m[K
[1.630s] [01m[K/home/niweiss/ws_sensor_combined/src/px4_ros_com/src/examples/offboard/offboard_launch.cpp:[m[K In constructor â€˜[01m[KOffboardControl::OffboardControl(float)[m[Kâ€™:
[1.630s] [01m[K/home/niweiss/ws_sensor_combined/src/px4_ros_com/src/examples/offboard/offboard_launch.cpp:66:73:[m[K [01;31m[Kerror: [m[Kclass â€˜[01m[KOffboardControl[m[Kâ€™ does not have any field named â€˜[01m[Kcurrent_state_[m[Kâ€™
[1.630s]    66 |         OffboardControl(float initial_altitude) : Node("drone_launch"), [01;31m[Kcurrent_state_[m[K(FlightState::TAKEOFF) // initialize node (base class constructor)
[1.630s]       |                                                                         [01;31m[K^~~~~~~~~~~~~~[m[K
[1.638s] [01m[K/home/niweiss/ws_sensor_combined/src/px4_ros_com/src/examples/offboard/offboard_launch.cpp:73:17:[m[K [01;31m[Kerror: [m[Kâ€˜[01m[Kgui_command_subscriber_[m[Kâ€™ was not declared in this scope; did you mean â€˜[01m[Krmw_count_subscribers[m[Kâ€™?
[1.638s]    73 |                 [01;31m[Kgui_command_subscriber_[m[K = this->create_subscription<std_msgs::msg::Int32>(
[1.638s]       |                 [01;31m[K^~~~~~~~~~~~~~~~~~~~~~~[m[K
[1.638s]       |                 [32m[Krmw_count_subscribers[m[K
[1.641s] [01m[K/home/niweiss/ws_sensor_combined/src/px4_ros_com/src/examples/offboard/offboard_launch.cpp:73:69:[m[K [01;31m[Kerror: [m[Kâ€˜[01m[Kstd_msgs[m[Kâ€™ was not declared in this scope
[1.641s]    73 |                 gui_command_subscriber_ = this->create_subscription<[01;31m[Kstd_msgs[m[K::msg::Int32>(
[1.641s]       |                                                                     [01;31m[K^~~~~~~~[m[K
[1.641s] [01m[K/home/niweiss/ws_sensor_combined/src/px4_ros_com/src/examples/offboard/offboard_launch.cpp:73:49:[m[K [01;31m[Kerror: [m[Kparse error in template argument list
[1.641s]    73 |                 gui_command_subscriber_ = this->[01;31m[Kcreate_subscription<std_msgs::msg::Int32>[m[K(
[1.641s]       |                                                 [01;31m[K^~~~~~~~~~~~~~~~~~~~~~~~~~~~~~~~~~~~~~~~~[m[K
[1.641s] [01m[K/home/niweiss/ws_sensor_combined/src/px4_ros_com/src/examples/offboard/offboard_launch.cpp:74:45:[m[K [01;31m[Kerror: [m[Kâ€˜[01m[KFlightControllerNode[m[Kâ€™ has not been declared
[1.641s]    74 |             "desired_state", 10, std::bind(&[01;31m[KFlightControllerNode[m[K::stateCallback, this, std::placeholders::_1));
[1.641s]       |                                             [01;31m[K^~~~~~~~~~~~~~~~~~~~[m[K
[2.284s] gmake[2]: *** [CMakeFiles/offboard_launch.dir/build.make:76: CMakeFiles/offboard_launch.dir/src/examples/offboard/offboard_launch.cpp.o] Error 1
[2.285s] gmake[1]: *** [CMakeFiles/Makefile2:310: CMakeFiles/offboard_launch.dir/all] Error 2
[2.285s] gmake: *** [Makefile:146: all] Error 2
[2.286s] Invoked command in '/home/niweiss/ws_sensor_combined/build/px4_ros_com' returned '2': AMENT_PREFIX_PATH=/home/niweiss/ws_sensor_combined/install/px4_msgs:${AMENT_PREFIX_PATH} CMAKE_PREFIX_PATH=/home/niweiss/ws_sensor_combined/install/px4_msgs:/opt/ros/humble LD_LIBRARY_PATH=/home/niweiss/ws_sensor_combined/install/px4_msgs/lib:${LD_LIBRARY_PATH} PYTHONPATH=/home/niweiss/ws_sensor_combined/install/px4_msgs/local/lib/python3.10/dist-packages:${PYTHONPATH} /usr/bin/cmake --build /home/niweiss/ws_sensor_combined/build/px4_ros_com -- -j16 -l16
