[0.040s] Invoking command in '/home/niweiss/ws_sensor_combined/build/px4_ros_com': AMENT_PREFIX_PATH=/home/niweiss/ws_sensor_combined/install/px4_msgs:${AMENT_PREFIX_PATH} CMAKE_PREFIX_PATH=/home/niweiss/ws_sensor_combined/install/px4_msgs:/opt/ros/humble LD_LIBRARY_PATH=/home/niweiss/ws_sensor_combined/install/px4_msgs/lib:${LD_LIBRARY_PATH} PYTHONPATH=/home/niweiss/ws_sensor_combined/install/px4_msgs/local/lib/python3.10/dist-packages:${PYTHONPATH} /usr/bin/cmake --build /home/niweiss/ws_sensor_combined/build/px4_ros_com -- -j16 -l16
[0.062s] [35m[1mConsolidate compiler generated dependencies of target offboard_launch[0m
[0.069s] [ 25%] Built target frame_transforms
[0.069s] [ 25%] Built target vehicle_gps_position_listener
[0.069s] [ 37%] Built target debug_vect_advertiser
[0.071s] [ 50%] Built target offboard_control_srv
[0.071s] [ 62%] Built target offboard_control
[0.073s] [ 75%] Built target offboard_paths
[0.073s] [ 93%] [32mBuilding CXX object CMakeFiles/offboard_launch.dir/src/examples/offboard/offboard_launch.cpp.o[0m
[0.073s] [ 93%] Built target sensor_combined_listener
[0.075s] [ 93%] Built target ament_cmake_python_copy_px4_ros_com
[0.192s] running egg_info
[0.201s] writing px4_ros_com.egg-info/PKG-INFO
[0.201s] writing dependency_links to px4_ros_com.egg-info/dependency_links.txt
[0.202s] writing top-level names to px4_ros_com.egg-info/top_level.txt
[0.225s] reading manifest file 'px4_ros_com.egg-info/SOURCES.txt'
[0.226s] writing manifest file 'px4_ros_com.egg-info/SOURCES.txt'
[0.243s] [ 93%] Built target ament_cmake_python_build_px4_ros_com_egg
[1.510s] [01m[K/home/niweiss/ws_sensor_combined/src/px4_ros_com/src/examples/offboard/offboard_launch.cpp:139:14:[m[K [01;31m[Kerror: [m[Kextra qualification â€˜[01m[KOffboardControl::[m[Kâ€™ on member â€˜[01m[KhandleTakeoffState[m[Kâ€™ [[01;31m[K]8;;https://gcc.gnu.org/onlinedocs/gcc/Warning-Options.html#index-fpermissive-fpermissive]8;;[m[K]
[1.510s]   139 |         void [01;31m[KOffboardControl[m[K::handleTakeoffState()
[1.510s]       |              [01;31m[K^~~~~~~~~~~~~~~[m[K
[1.510s] [01m[K/home/niweiss/ws_sensor_combined/src/px4_ros_com/src/examples/offboard/offboard_launch.cpp:145:14:[m[K [01;31m[Kerror: [m[Kextra qualification â€˜[01m[KOffboardControl::[m[Kâ€™ on member â€˜[01m[KhandleLandingState[m[Kâ€™ [[01;31m[K]8;;https://gcc.gnu.org/onlinedocs/gcc/Warning-Options.html#index-fpermissive-fpermissive]8;;[m[K]
[1.510s]   145 |         void [01;31m[KOffboardControl[m[K::handleLandingState()
[1.510s]       |              [01;31m[K^~~~~~~~~~~~~~~[m[K
[1.527s] [01m[K/home/niweiss/ws_sensor_combined/src/px4_ros_com/src/examples/offboard/offboard_launch.cpp:[m[K In member function â€˜[01m[Kvoid OffboardControl::handleTakeoffState()[m[Kâ€™:
[1.527s] [01m[K/home/niweiss/ws_sensor_combined/src/px4_ros_com/src/examples/offboard/offboard_launch.cpp:141:55:[m[K [01;31m[Kerror: [m[Kâ€˜[01m[Kinitial_altitude[m[Kâ€™ was not declared in this scope
[1.527s]   141 |                 publish_trajectory_setpoint(0.0, 0.0, [01;31m[Kinitial_altitude[m[K);
[1.527s]       |                                                       [01;31m[K^~~~~~~~~~~~~~~~[m[K
[1.531s] [01m[K/home/niweiss/ws_sensor_combined/src/px4_ros_com/src/examples/offboard/offboard_launch.cpp:[m[K In member function â€˜[01m[Kvoid OffboardControl::handleLandingState()[m[Kâ€™:
[1.531s] [01m[K/home/niweiss/ws_sensor_combined/src/px4_ros_com/src/examples/offboard/offboard_launch.cpp:147:62:[m[K [01;31m[Kerror: [m[Kâ€˜[01m[Kinitial_altitude[m[Kâ€™ was not declared in this scope
[1.531s]   147 |                 publish_trajectory_setpoint(0.0, 0.0, (-1) * [01;31m[Kinitial_altitude[m[K);
[1.531s]       |                                                              [01;31m[K^~~~~~~~~~~~~~~~[m[K
[3.237s] gmake[2]: *** [CMakeFiles/offboard_launch.dir/build.make:76: CMakeFiles/offboard_launch.dir/src/examples/offboard/offboard_launch.cpp.o] Error 1
[3.237s] gmake[1]: *** [CMakeFiles/Makefile2:310: CMakeFiles/offboard_launch.dir/all] Error 2
[3.237s] gmake: *** [Makefile:146: all] Error 2
[3.239s] Invoked command in '/home/niweiss/ws_sensor_combined/build/px4_ros_com' returned '2': AMENT_PREFIX_PATH=/home/niweiss/ws_sensor_combined/install/px4_msgs:${AMENT_PREFIX_PATH} CMAKE_PREFIX_PATH=/home/niweiss/ws_sensor_combined/install/px4_msgs:/opt/ros/humble LD_LIBRARY_PATH=/home/niweiss/ws_sensor_combined/install/px4_msgs/lib:${LD_LIBRARY_PATH} PYTHONPATH=/home/niweiss/ws_sensor_combined/install/px4_msgs/local/lib/python3.10/dist-packages:${PYTHONPATH} /usr/bin/cmake --build /home/niweiss/ws_sensor_combined/build/px4_ros_com -- -j16 -l16
